{"contracts/Cash.sol":{"l":{"11":0,"12":0,"16":0,"20":0,"24":0,"28":0,"29":0,"33":0,"34":0},"path":"/Users/lukewatson/projects/crypto/the-firm/contracts/contracts/Cash.sol","s":{"1":0,"2":0,"3":0,"4":0,"5":0,"6":0,"7":0},"b":{"1":[0,0],"2":[0,0]},"f":{"1":0,"2":0,"3":0,"4":0,"5":0,"6":0},"fnMap":{"1":{"name":"constructor","line":10,"loc":{"start":{"line":10,"column":4},"end":{"line":13,"column":4}}},"2":{"name":"mint","line":15,"loc":{"start":{"line":15,"column":4},"end":{"line":17,"column":4}}},"3":{"name":"burn","line":19,"loc":{"start":{"line":19,"column":4},"end":{"line":21,"column":4}}},"4":{"name":"setCashMinter","line":23,"loc":{"start":{"line":23,"column":4},"end":{"line":25,"column":4}}},"5":{"name":"onlyAdmin","line":27,"loc":{"start":{"line":27,"column":4},"end":{"line":30,"column":4}}},"6":{"name":"onlyCashMinter","line":32,"loc":{"start":{"line":32,"column":4},"end":{"line":35,"column":4}}}},"statementMap":{"1":{"start":{"line":11,"column":8},"end":{"line":11,"column":36}},"2":{"start":{"line":12,"column":8},"end":{"line":12,"column":40}},"3":{"start":{"line":16,"column":8},"end":{"line":16,"column":33}},"4":{"start":{"line":20,"column":8},"end":{"line":20,"column":39}},"5":{"start":{"line":24,"column":8},"end":{"line":24,"column":35}},"6":{"start":{"line":28,"column":8},"end":{"line":28,"column":55}},"7":{"start":{"line":33,"column":8},"end":{"line":33,"column":67}}},"branchMap":{"1":{"line":28,"type":"if","locations":[{"start":{"line":28,"column":8},"end":{"line":28,"column":8}},{"start":{"line":28,"column":8},"end":{"line":28,"column":8}}]},"2":{"line":33,"type":"if","locations":[{"start":{"line":33,"column":8},"end":{"line":33,"column":8}},{"start":{"line":33,"column":8},"end":{"line":33,"column":8}}]}}},"contracts/item/ItemBase.sol":{"l":{"10":0,"14":0,"15":0,"16":0,"21":0},"path":"/Users/lukewatson/projects/crypto/the-firm/contracts/contracts/item/ItemBase.sol","s":{"1":0,"2":0,"3":0,"4":0},"b":{},"f":{"1":0,"2":0,"3":0},"fnMap":{"1":{"name":"constructor","line":9,"loc":{"start":{"line":9,"column":4},"end":{"line":11,"column":4}}},"2":{"name":"mint","line":13,"loc":{"start":{"line":13,"column":4},"end":{"line":18,"column":4}}},"3":{"name":"destroy","line":20,"loc":{"start":{"line":20,"column":4},"end":{"line":22,"column":4}}}},"statementMap":{"1":{"start":{"line":10,"column":8},"end":{"line":10,"column":21}},"2":{"start":{"line":14,"column":8},"end":{"line":14,"column":395}},"3":{"start":{"line":15,"column":12},"end":{"line":15,"column":38}},"4":{"start":{"line":21,"column":8},"end":{"line":21,"column":20}}},"branchMap":{}},"contracts/item/weapon/WeaponBase.sol":{"l":{"14":0,"15":0},"path":"/Users/lukewatson/projects/crypto/the-firm/contracts/contracts/item/weapon/WeaponBase.sol","s":{"1":0,"2":0},"b":{},"f":{"1":0},"fnMap":{"1":{"name":"constructor","line":13,"loc":{"start":{"line":9,"column":4},"end":{"line":16,"column":4}}}},"statementMap":{"1":{"start":{"line":14,"column":8},"end":{"line":14,"column":21}},"2":{"start":{"line":15,"column":8},"end":{"line":15,"column":33}}},"branchMap":{}},"contracts/lib/DSMath.sol":{"l":{"22":0,"26":0,"30":0,"34":0,"38":0,"42":0,"46":0,"53":0,"57":0,"61":0,"65":0,"84":0,"86":0,"87":0,"89":0,"90":0},"path":"/Users/lukewatson/projects/crypto/the-firm/contracts/contracts/lib/DSMath.sol","s":{"1":0,"2":0,"3":0,"4":0,"5":0,"6":0,"7":0,"8":0,"9":0,"10":0,"11":0,"12":0,"13":0,"14":0,"15":0,"16":0},"b":{"1":[0,0],"2":[0,0],"3":[0,0],"4":[0,0]},"f":{"1":0,"2":0,"3":0,"4":0,"5":0,"6":0,"7":0,"8":0,"9":0,"10":0,"11":0,"12":0},"fnMap":{"1":{"name":"add","line":21,"loc":{"start":{"line":21,"column":4},"end":{"line":23,"column":4}}},"2":{"name":"sub","line":25,"loc":{"start":{"line":25,"column":4},"end":{"line":27,"column":4}}},"3":{"name":"mul","line":29,"loc":{"start":{"line":29,"column":4},"end":{"line":31,"column":4}}},"4":{"name":"min","line":33,"loc":{"start":{"line":33,"column":4},"end":{"line":35,"column":4}}},"5":{"name":"max","line":37,"loc":{"start":{"line":37,"column":4},"end":{"line":39,"column":4}}},"6":{"name":"imin","line":41,"loc":{"start":{"line":41,"column":4},"end":{"line":43,"column":4}}},"7":{"name":"imax","line":45,"loc":{"start":{"line":45,"column":4},"end":{"line":47,"column":4}}},"8":{"name":"wmul","line":52,"loc":{"start":{"line":52,"column":4},"end":{"line":54,"column":4}}},"9":{"name":"rmul","line":56,"loc":{"start":{"line":56,"column":4},"end":{"line":58,"column":4}}},"10":{"name":"wdiv","line":60,"loc":{"start":{"line":60,"column":4},"end":{"line":62,"column":4}}},"11":{"name":"rdiv","line":64,"loc":{"start":{"line":64,"column":4},"end":{"line":66,"column":4}}},"12":{"name":"rpow","line":83,"loc":{"start":{"line":83,"column":4},"end":{"line":93,"column":4}}}},"statementMap":{"1":{"start":{"line":22,"column":8},"end":{"line":22,"column":56}},"2":{"start":{"line":26,"column":8},"end":{"line":26,"column":57}},"3":{"start":{"line":30,"column":8},"end":{"line":30,"column":70}},"4":{"start":{"line":34,"column":8},"end":{"line":34,"column":29}},"5":{"start":{"line":38,"column":8},"end":{"line":38,"column":29}},"6":{"start":{"line":42,"column":8},"end":{"line":42,"column":29}},"7":{"start":{"line":46,"column":8},"end":{"line":46,"column":29}},"8":{"start":{"line":53,"column":8},"end":{"line":53,"column":40}},"9":{"start":{"line":57,"column":8},"end":{"line":57,"column":40}},"10":{"start":{"line":61,"column":8},"end":{"line":61,"column":38}},"11":{"start":{"line":65,"column":8},"end":{"line":65,"column":38}},"12":{"start":{"line":84,"column":8},"end":{"line":84,"column":31}},"13":{"start":{"line":86,"column":8},"end":{"line":86,"column":3003}},"14":{"start":{"line":87,"column":12},"end":{"line":87,"column":25}},"15":{"start":{"line":89,"column":12},"end":{"line":89,"column":3079}},"16":{"start":{"line":90,"column":16},"end":{"line":90,"column":29}}},"branchMap":{"1":{"line":22,"type":"if","locations":[{"start":{"line":22,"column":8},"end":{"line":22,"column":8}},{"start":{"line":22,"column":8},"end":{"line":22,"column":8}}]},"2":{"line":26,"type":"if","locations":[{"start":{"line":26,"column":8},"end":{"line":26,"column":8}},{"start":{"line":26,"column":8},"end":{"line":26,"column":8}}]},"3":{"line":30,"type":"if","locations":[{"start":{"line":30,"column":8},"end":{"line":30,"column":8}},{"start":{"line":30,"column":8},"end":{"line":30,"column":8}}]},"4":{"line":89,"type":"if","locations":[{"start":{"line":89,"column":12},"end":{"line":89,"column":12}},{"start":{"line":89,"column":12},"end":{"line":89,"column":12}}]}}},"contracts/lib/Interest.sol":{"l":{"25":0,"30":0,"66":0,"81":0},"path":"/Users/lukewatson/projects/crypto/the-firm/contracts/contracts/lib/Interest.sol","s":{"1":0,"2":0,"3":0,"4":0},"b":{},"f":{"1":0,"2":0,"3":0,"4":0},"fnMap":{"1":{"name":"wadToRay","line":24,"loc":{"start":{"line":24,"column":4},"end":{"line":26,"column":4}}},"2":{"name":"weiToRay","line":29,"loc":{"start":{"line":29,"column":4},"end":{"line":31,"column":4}}},"3":{"name":"accrueInterest","line":61,"loc":{"start":{"line":61,"column":4},"end":{"line":67,"column":4}}},"4":{"name":"yearlyRateToRay","line":80,"loc":{"start":{"line":80,"column":4},"end":{"line":82,"column":4}}}},"statementMap":{"1":{"start":{"line":25,"column":8},"end":{"line":25,"column":31}},"2":{"start":{"line":30,"column":8},"end":{"line":30,"column":32}},"3":{"start":{"line":66,"column":8},"end":{"line":66,"column":50}},"4":{"start":{"line":81,"column":8},"end":{"line":81,"column":86}}},"branchMap":{}},"contracts/player/Player.sol":{"l":{"20":0,"24":0,"28":0,"30":0,"32":0,"36":0,"40":0,"41":0,"45":0,"46":0},"path":"/Users/lukewatson/projects/crypto/the-firm/contracts/contracts/player/Player.sol","s":{"1":0,"2":0,"3":0,"4":0,"5":0,"6":0,"7":0,"8":0},"b":{"1":[0,0],"2":[0,0],"3":[0,0]},"f":{"1":0,"2":0,"3":0,"4":0,"5":0,"6":0},"fnMap":{"1":{"name":"constructor","line":19,"loc":{"start":{"line":19,"column":4},"end":{"line":21,"column":4}}},"2":{"name":"setPlayerStatsAddress","line":23,"loc":{"start":{"line":23,"column":4},"end":{"line":25,"column":4}}},"3":{"name":"create","line":27,"loc":{"start":{"line":27,"column":4},"end":{"line":33,"column":4}}},"4":{"name":"isPlayer","line":35,"loc":{"start":{"line":35,"column":4},"end":{"line":37,"column":4}}},"5":{"name":"onlyAdmin","line":39,"loc":{"start":{"line":39,"column":4},"end":{"line":42,"column":4}}},"6":{"name":"hasAccount","line":44,"loc":{"start":{"line":44,"column":4},"end":{"line":47,"column":4}}}},"statementMap":{"1":{"start":{"line":20,"column":8},"end":{"line":20,"column":36}},"2":{"start":{"line":24,"column":8},"end":{"line":24,"column":33}},"3":{"start":{"line":28,"column":8},"end":{"line":28,"column":71}},"4":{"start":{"line":30,"column":8},"end":{"line":30,"column":34}},"5":{"start":{"line":32,"column":8},"end":{"line":32,"column":60}},"6":{"start":{"line":36,"column":8},"end":{"line":36,"column":29}},"7":{"start":{"line":40,"column":8},"end":{"line":40,"column":55}},"8":{"start":{"line":45,"column":8},"end":{"line":45,"column":56}}},"branchMap":{"1":{"line":28,"type":"if","locations":[{"start":{"line":28,"column":8},"end":{"line":28,"column":8}},{"start":{"line":28,"column":8},"end":{"line":28,"column":8}}]},"2":{"line":40,"type":"if","locations":[{"start":{"line":40,"column":8},"end":{"line":40,"column":8}},{"start":{"line":40,"column":8},"end":{"line":40,"column":8}}]},"3":{"line":45,"type":"if","locations":[{"start":{"line":45,"column":8},"end":{"line":45,"column":8}},{"start":{"line":45,"column":8},"end":{"line":45,"column":8}}]}}},"contracts/player/PlayerStats.sol":{"l":{"41":0,"42":0,"46":0,"50":0,"53":0,"55":0,"77":0,"78":0,"91":0,"93":0,"106":0,"108":0,"118":0,"119":0,"120":0,"121":0,"131":0,"132":0,"133":0,"134":0,"140":0,"141":0,"145":0,"146":0,"150":0,"151":0,"155":0,"156":0},"path":"/Users/lukewatson/projects/crypto/the-firm/contracts/contracts/player/PlayerStats.sol","s":{"1":0,"2":0,"3":0,"4":0,"5":0,"6":0,"7":0,"8":0,"9":0,"10":0,"11":0,"12":0,"13":0,"14":0,"15":0,"16":0,"17":0,"18":0,"19":0,"20":0,"21":0,"22":0,"23":0,"24":0},"b":{"1":[0,0],"2":[0,0],"3":[0,0],"4":[0,0]},"f":{"1":0,"2":0,"3":0,"4":0,"5":0,"6":0,"7":0,"8":0,"9":0,"10":0,"11":0,"12":0},"fnMap":{"1":{"name":"constructor","line":40,"loc":{"start":{"line":40,"column":4},"end":{"line":43,"column":4}}},"2":{"name":"setPlayerManager","line":45,"loc":{"start":{"line":45,"column":4},"end":{"line":47,"column":4}}},"3":{"name":"createBasePlayer","line":49,"loc":{"start":{"line":49,"column":4},"end":{"line":64,"column":4}}},"4":{"name":"getPlayerStats","line":66,"loc":{"start":{"line":66,"column":4},"end":{"line":79,"column":4}}},"5":{"name":"getPlayerBattleStats","line":81,"loc":{"start":{"line":81,"column":4},"end":{"line":94,"column":4}}},"6":{"name":"getPlayerFarmingStats","line":96,"loc":{"start":{"line":96,"column":4},"end":{"line":109,"column":4}}},"7":{"name":"increaseFarmingStats","line":117,"loc":{"start":{"line":111,"column":4},"end":{"line":122,"column":4}}},"8":{"name":"increaseBattleStats","line":130,"loc":{"start":{"line":124,"column":4},"end":{"line":137,"column":4}}},"9":{"name":"onlyNewPlayer","line":139,"loc":{"start":{"line":139,"column":4},"end":{"line":142,"column":4}}},"10":{"name":"existingPlayer","line":144,"loc":{"start":{"line":144,"column":4},"end":{"line":147,"column":4}}},"11":{"name":"onlyPlayerManager","line":149,"loc":{"start":{"line":149,"column":4},"end":{"line":152,"column":4}}},"12":{"name":"onlyAdmin","line":154,"loc":{"start":{"line":154,"column":4},"end":{"line":157,"column":4}}}},"statementMap":{"1":{"start":{"line":41,"column":8},"end":{"line":41,"column":36}},"2":{"start":{"line":42,"column":8},"end":{"line":42,"column":43}},"3":{"start":{"line":46,"column":8},"end":{"line":46,"column":48}},"4":{"start":{"line":50,"column":8},"end":{"line":50,"column":1625}},"5":{"start":{"line":53,"column":8},"end":{"line":53,"column":116}},"6":{"start":{"line":55,"column":8},"end":{"line":55,"column":1797}},"7":{"start":{"line":77,"column":8},"end":{"line":77,"column":46}},"8":{"start":{"line":78,"column":8},"end":{"line":78,"column":101}},"9":{"start":{"line":91,"column":8},"end":{"line":91,"column":64}},"10":{"start":{"line":93,"column":8},"end":{"line":93,"column":99}},"11":{"start":{"line":106,"column":8},"end":{"line":106,"column":66}},"12":{"start":{"line":108,"column":8},"end":{"line":108,"column":86}},"13":{"start":{"line":118,"column":8},"end":{"line":118,"column":100}},"14":{"start":{"line":119,"column":8},"end":{"line":119,"column":109}},"15":{"start":{"line":120,"column":8},"end":{"line":120,"column":112}},"16":{"start":{"line":121,"column":8},"end":{"line":121,"column":112}},"17":{"start":{"line":131,"column":8},"end":{"line":131,"column":109}},"18":{"start":{"line":132,"column":8},"end":{"line":132,"column":112}},"19":{"start":{"line":133,"column":8},"end":{"line":133,"column":106}},"20":{"start":{"line":134,"column":8},"end":{"line":134,"column":4543}},"21":{"start":{"line":140,"column":8},"end":{"line":140,"column":76}},"22":{"start":{"line":145,"column":8},"end":{"line":145,"column":66}},"23":{"start":{"line":150,"column":8},"end":{"line":150,"column":73}},"24":{"start":{"line":155,"column":8},"end":{"line":155,"column":55}}},"branchMap":{"1":{"line":140,"type":"if","locations":[{"start":{"line":140,"column":8},"end":{"line":140,"column":8}},{"start":{"line":140,"column":8},"end":{"line":140,"column":8}}]},"2":{"line":145,"type":"if","locations":[{"start":{"line":145,"column":8},"end":{"line":145,"column":8}},{"start":{"line":145,"column":8},"end":{"line":145,"column":8}}]},"3":{"line":150,"type":"if","locations":[{"start":{"line":150,"column":8},"end":{"line":150,"column":8}},{"start":{"line":150,"column":8},"end":{"line":150,"column":8}}]},"4":{"line":155,"type":"if","locations":[{"start":{"line":155,"column":8},"end":{"line":155,"column":8}},{"start":{"line":155,"column":8},"end":{"line":155,"column":8}}]}}},"contracts/player/Treasury.sol":{"l":{"18":0,"19":0,"23":0,"27":0,"31":0,"33":0,"34":0,"38":0,"40":0,"41":0,"45":0,"47":0,"49":0,"53":0,"54":0,"58":0,"59":0},"path":"/Users/lukewatson/projects/crypto/the-firm/contracts/contracts/player/Treasury.sol","s":{"1":0,"2":0,"3":0,"4":0,"5":0,"6":0,"7":0,"8":0,"9":0,"10":0,"11":0,"12":0,"13":0,"14":0,"15":0},"b":{"1":[0,0],"2":[0,0],"3":[0,0],"4":[0,0],"5":[0,0]},"f":{"1":0,"2":0,"3":0,"4":0,"5":0,"6":0,"7":0,"8":0},"fnMap":{"1":{"name":"constructor","line":17,"loc":{"start":{"line":17,"column":4},"end":{"line":20,"column":4}}},"2":{"name":"setCashAddress","line":22,"loc":{"start":{"line":22,"column":4},"end":{"line":24,"column":4}}},"3":{"name":"setCashSpender","line":26,"loc":{"start":{"line":26,"column":4},"end":{"line":28,"column":4}}},"4":{"name":"depositCash","line":30,"loc":{"start":{"line":30,"column":4},"end":{"line":35,"column":4}}},"5":{"name":"depositCashTo","line":37,"loc":{"start":{"line":37,"column":4},"end":{"line":42,"column":4}}},"6":{"name":"spendCash","line":44,"loc":{"start":{"line":44,"column":4},"end":{"line":50,"column":4}}},"7":{"name":"onlyAdmin","line":52,"loc":{"start":{"line":52,"column":4},"end":{"line":55,"column":4}}},"8":{"name":"onlyCashSpender","line":57,"loc":{"start":{"line":57,"column":4},"end":{"line":60,"column":4}}}},"statementMap":{"1":{"start":{"line":18,"column":8},"end":{"line":18,"column":36}},"2":{"start":{"line":19,"column":8},"end":{"line":19,"column":41}},"3":{"start":{"line":23,"column":8},"end":{"line":23,"column":33}},"4":{"start":{"line":27,"column":8},"end":{"line":27,"column":36}},"5":{"start":{"line":31,"column":8},"end":{"line":31,"column":88}},"6":{"start":{"line":33,"column":8},"end":{"line":33,"column":73}},"7":{"start":{"line":34,"column":8},"end":{"line":34,"column":63}},"8":{"start":{"line":38,"column":8},"end":{"line":38,"column":88}},"9":{"start":{"line":40,"column":8},"end":{"line":40,"column":73}},"10":{"start":{"line":41,"column":8},"end":{"line":41,"column":51}},"11":{"start":{"line":45,"column":8},"end":{"line":45,"column":41}},"12":{"start":{"line":47,"column":8},"end":{"line":47,"column":51}},"13":{"start":{"line":49,"column":8},"end":{"line":49,"column":38}},"14":{"start":{"line":53,"column":8},"end":{"line":53,"column":55}},"15":{"start":{"line":58,"column":8},"end":{"line":58,"column":69}}},"branchMap":{"1":{"line":31,"type":"if","locations":[{"start":{"line":31,"column":8},"end":{"line":31,"column":8}},{"start":{"line":31,"column":8},"end":{"line":31,"column":8}}]},"2":{"line":38,"type":"if","locations":[{"start":{"line":38,"column":8},"end":{"line":38,"column":8}},{"start":{"line":38,"column":8},"end":{"line":38,"column":8}}]},"3":{"line":45,"type":"if","locations":[{"start":{"line":45,"column":8},"end":{"line":45,"column":8}},{"start":{"line":45,"column":8},"end":{"line":45,"column":8}}]},"4":{"line":53,"type":"if","locations":[{"start":{"line":53,"column":8},"end":{"line":53,"column":8}},{"start":{"line":53,"column":8},"end":{"line":53,"column":8}}]},"5":{"line":58,"type":"if","locations":[{"start":{"line":58,"column":8},"end":{"line":58,"column":8}},{"start":{"line":58,"column":8},"end":{"line":58,"column":8}}]}}},"contracts/schemes/BaseScheme.sol":{"l":{"27":0,"28":0,"29":0,"33":0,"37":0,"38":0,"42":0,"46":0,"50":0,"56":0,"60":0,"70":0,"74":0,"75":0,"79":0,"83":0,"84":0},"path":"/Users/lukewatson/projects/crypto/the-firm/contracts/contracts/schemes/BaseScheme.sol","s":{"1":0,"2":0,"3":0,"4":0,"5":0,"6":0,"7":0,"8":0,"9":0,"10":0,"11":0,"12":0,"13":0,"14":0,"15":0,"16":0},"b":{"1":[0,0]},"f":{"1":0,"2":0,"3":0,"4":0,"5":0,"6":0,"7":0,"8":0,"9":0,"10":0,"11":0,"12":0,"13":0},"fnMap":{"1":{"name":"constructor","line":22,"loc":{"start":{"line":22,"column":4},"end":{"line":30,"column":4}}},"2":{"name":"setRandomNumberGenerator","line":32,"loc":{"start":{"line":32,"column":4},"end":{"line":34,"column":4}}},"3":{"name":"setCashContract","line":36,"loc":{"start":{"line":36,"column":4},"end":{"line":39,"column":4}}},"4":{"name":"setTreasury","line":41,"loc":{"start":{"line":41,"column":4},"end":{"line":43,"column":4}}},"5":{"name":"setPlayerStats","line":45,"loc":{"start":{"line":45,"column":4},"end":{"line":47,"column":4}}},"6":{"name":"start","line":49,"loc":{"start":{"line":49,"column":4},"end":{"line":51,"column":4}}},"7":{"name":"complete","line":53,"loc":{"start":{"line":53,"column":4},"end":{"line":53,"column":70}}},"8":{"name":"getSchemeName","line":55,"loc":{"start":{"line":55,"column":4},"end":{"line":57,"column":4}}},"9":{"name":"getSuccessGauge","line":59,"loc":{"start":{"line":59,"column":4},"end":{"line":61,"column":4}}},"10":{"name":"increaseStats","line":63,"loc":{"start":{"line":63,"column":4},"end":{"line":71,"column":4}}},"11":{"name":"mint","line":73,"loc":{"start":{"line":73,"column":4},"end":{"line":76,"column":4}}},"12":{"name":"getScheme","line":78,"loc":{"start":{"line":78,"column":4},"end":{"line":80,"column":4}}},"13":{"name":"onlySchemeManager","line":82,"loc":{"start":{"line":82,"column":4},"end":{"line":85,"column":4}}}},"statementMap":{"1":{"start":{"line":27,"column":8},"end":{"line":27,"column":27}},"2":{"start":{"line":28,"column":8},"end":{"line":28,"column":31}},"3":{"start":{"line":29,"column":8},"end":{"line":29,"column":37}},"4":{"start":{"line":33,"column":8},"end":{"line":33,"column":53}},"5":{"start":{"line":37,"column":8},"end":{"line":37,"column":42}},"6":{"start":{"line":38,"column":8},"end":{"line":38,"column":60}},"7":{"start":{"line":42,"column":8},"end":{"line":42,"column":41}},"8":{"start":{"line":46,"column":8},"end":{"line":46,"column":47}},"9":{"start":{"line":50,"column":8},"end":{"line":50,"column":66}},"10":{"start":{"line":56,"column":8},"end":{"line":56,"column":17}},"11":{"start":{"line":60,"column":8},"end":{"line":60,"column":56}},"12":{"start":{"line":70,"column":8},"end":{"line":70,"column":116}},"13":{"start":{"line":74,"column":8},"end":{"line":74,"column":54}},"14":{"start":{"line":75,"column":8},"end":{"line":75,"column":61}},"15":{"start":{"line":79,"column":8},"end":{"line":79,"column":42}},"16":{"start":{"line":83,"column":8},"end":{"line":83,"column":20}}},"branchMap":{"1":{"line":83,"type":"if","locations":[{"start":{"line":83,"column":8},"end":{"line":83,"column":8}},{"start":{"line":83,"column":8},"end":{"line":83,"column":8}}]}}},"contracts/schemes/Schemes.sol":{"l":{"28":0,"32":0,"34":0,"38":0,"39":0,"41":0,"43":0,"47":0,"48":0,"50":0,"51":0,"53":0,"57":0,"59":0,"60":0,"61":0,"65":0,"69":0,"71":0,"73":0,"74":0,"75":0,"81":0,"83":0,"85":0,"86":0,"87":0,"101":0,"102":0,"104":0,"112":0},"path":"/Users/lukewatson/projects/crypto/the-firm/contracts/contracts/schemes/Schemes.sol","s":{"1":0,"2":0,"3":0,"4":0,"5":0,"6":0,"7":0,"8":0,"9":0,"10":0,"11":0,"12":0,"13":0,"14":0,"15":0,"16":0,"17":0,"18":0,"19":0,"20":0,"21":0,"22":0,"23":0,"24":0,"25":0,"26":0,"27":0,"28":0,"29":0,"30":0,"31":0},"b":{"1":[0,0],"2":[0,0],"3":[0,0],"4":[0,0],"5":[0,0],"6":[0,0],"7":[0,0],"8":[0,0]},"f":{"1":0,"2":0,"3":0,"4":0,"5":0,"6":0,"7":0,"8":0},"fnMap":{"1":{"name":"constructor","line":27,"loc":{"start":{"line":27,"column":4},"end":{"line":29,"column":4}}},"2":{"name":"addScheme","line":31,"loc":{"start":{"line":31,"column":4},"end":{"line":35,"column":4}}},"3":{"name":"startScheme","line":37,"loc":{"start":{"line":37,"column":4},"end":{"line":44,"column":4}}},"4":{"name":"completeScheme","line":46,"loc":{"start":{"line":46,"column":4},"end":{"line":54,"column":4}}},"5":{"name":"listSchemes","line":56,"loc":{"start":{"line":56,"column":4},"end":{"line":66,"column":4}}},"6":{"name":"start","line":68,"loc":{"start":{"line":68,"column":4},"end":{"line":78,"column":4}}},"7":{"name":"complete","line":80,"loc":{"start":{"line":80,"column":4},"end":{"line":88,"column":4}}},"8":{"name":"getOngoingScheme","line":90,"loc":{"start":{"line":90,"column":4},"end":{"line":113,"column":4}}}},"statementMap":{"1":{"start":{"line":28,"column":8},"end":{"line":28,"column":23}},"2":{"start":{"line":32,"column":8},"end":{"line":32,"column":86}},"3":{"start":{"line":34,"column":8},"end":{"line":34,"column":41}},"4":{"start":{"line":38,"column":8},"end":{"line":38,"column":68}},"5":{"start":{"line":39,"column":8},"end":{"line":39,"column":88}},"6":{"start":{"line":41,"column":8},"end":{"line":41,"column":69}},"7":{"start":{"line":43,"column":8},"end":{"line":43,"column":35}},"8":{"start":{"line":47,"column":8},"end":{"line":47,"column":69}},"9":{"start":{"line":48,"column":8},"end":{"line":48,"column":102}},"10":{"start":{"line":50,"column":8},"end":{"line":50,"column":62}},"11":{"start":{"line":51,"column":8},"end":{"line":51,"column":71}},"12":{"start":{"line":53,"column":8},"end":{"line":53,"column":37}},"13":{"start":{"line":57,"column":8},"end":{"line":57,"column":62}},"14":{"start":{"line":59,"column":8},"end":{"line":59,"column":1711}},"15":{"start":{"line":60,"column":12},"end":{"line":60,"column":1772}},"16":{"start":{"line":61,"column":16},"end":{"line":61,"column":38}},"17":{"start":{"line":65,"column":8},"end":{"line":65,"column":28}},"18":{"start":{"line":69,"column":8},"end":{"line":69,"column":82}},"19":{"start":{"line":71,"column":8},"end":{"line":71,"column":36}},"20":{"start":{"line":73,"column":8},"end":{"line":73,"column":54}},"21":{"start":{"line":74,"column":8},"end":{"line":74,"column":63}},"22":{"start":{"line":75,"column":8},"end":{"line":75,"column":2218}},"23":{"start":{"line":81,"column":8},"end":{"line":81,"column":69}},"24":{"start":{"line":83,"column":8},"end":{"line":83,"column":37}},"25":{"start":{"line":85,"column":8},"end":{"line":85,"column":46}},"26":{"start":{"line":86,"column":8},"end":{"line":86,"column":49}},"27":{"start":{"line":87,"column":8},"end":{"line":87,"column":52}},"28":{"start":{"line":101,"column":8},"end":{"line":101,"column":2992}},"29":{"start":{"line":102,"column":12},"end":{"line":102,"column":60}},"30":{"start":{"line":104,"column":12},"end":{"line":104,"column":3102}},"31":{"start":{"line":112,"column":8},"end":{"line":112,"column":43}}},"branchMap":{"1":{"line":38,"type":"if","locations":[{"start":{"line":38,"column":8},"end":{"line":38,"column":8}},{"start":{"line":38,"column":8},"end":{"line":38,"column":8}}]},"2":{"line":39,"type":"if","locations":[{"start":{"line":39,"column":8},"end":{"line":39,"column":8}},{"start":{"line":39,"column":8},"end":{"line":39,"column":8}}]},"3":{"line":47,"type":"if","locations":[{"start":{"line":47,"column":8},"end":{"line":47,"column":8}},{"start":{"line":47,"column":8},"end":{"line":47,"column":8}}]},"4":{"line":48,"type":"if","locations":[{"start":{"line":48,"column":8},"end":{"line":48,"column":8}},{"start":{"line":48,"column":8},"end":{"line":48,"column":8}}]},"5":{"line":60,"type":"if","locations":[{"start":{"line":60,"column":12},"end":{"line":60,"column":12}},{"start":{"line":60,"column":12},"end":{"line":60,"column":12}}]},"6":{"line":69,"type":"if","locations":[{"start":{"line":69,"column":8},"end":{"line":69,"column":8}},{"start":{"line":69,"column":8},"end":{"line":69,"column":8}}]},"7":{"line":81,"type":"if","locations":[{"start":{"line":81,"column":8},"end":{"line":81,"column":8}},{"start":{"line":81,"column":8},"end":{"line":81,"column":8}}]},"8":{"line":101,"type":"if","locations":[{"start":{"line":101,"column":8},"end":{"line":101,"column":8}},{"start":{"line":101,"column":8},"end":{"line":101,"column":8}}]}}},"contracts/schemes/ScroungeForSatoshis.sol":{"l":{"21":0,"22":0},"path":"/Users/lukewatson/projects/crypto/the-firm/contracts/contracts/schemes/ScroungeForSatoshis.sol","s":{"1":0,"2":0},"b":{},"f":{"1":0},"fnMap":{"1":{"name":"constructor","line":20,"loc":{"start":{"line":14,"column":4},"end":{"line":23,"column":4}}}},"statementMap":{"1":{"start":{"line":21,"column":8},"end":{"line":21,"column":33}},"2":{"start":{"line":22,"column":8},"end":{"line":22,"column":35}}},"branchMap":{}},"contracts/schemes/TestScheme.sol":{"l":{"16":0,"17":0,"21":0,"25":0,"26":0,"30":0},"path":"/Users/lukewatson/projects/crypto/the-firm/contracts/contracts/schemes/TestScheme.sol","s":{"1":0,"2":0,"3":0,"4":0,"5":0,"6":0},"b":{},"f":{"1":0,"2":0,"3":0,"4":0},"fnMap":{"1":{"name":"constructor","line":15,"loc":{"start":{"line":9,"column":4},"end":{"line":18,"column":4}}},"2":{"name":"start","line":20,"loc":{"start":{"line":20,"column":4},"end":{"line":22,"column":4}}},"3":{"name":"complete","line":24,"loc":{"start":{"line":24,"column":4},"end":{"line":27,"column":4}}},"4":{"name":"getSchemeName","line":29,"loc":{"start":{"line":29,"column":4},"end":{"line":31,"column":4}}}},"statementMap":{"1":{"start":{"line":16,"column":8},"end":{"line":16,"column":33}},"2":{"start":{"line":17,"column":8},"end":{"line":17,"column":35}},"3":{"start":{"line":21,"column":8},"end":{"line":21,"column":24}},"4":{"start":{"line":25,"column":8},"end":{"line":25,"column":21}},"5":{"start":{"line":26,"column":8},"end":{"line":26,"column":42}},"6":{"start":{"line":30,"column":8},"end":{"line":30,"column":28}}},"branchMap":{}},"contracts/schemes/YieldFarm.sol":{"l":{"16":0,"17":0,"21":0,"25":0,"27":0,"28":0,"33":0},"path":"/Users/lukewatson/projects/crypto/the-firm/contracts/contracts/schemes/YieldFarm.sol","s":{"1":0,"2":0,"3":0,"4":0,"5":0,"6":0,"7":0},"b":{"1":[0,0]},"f":{"1":0,"2":0,"3":0,"4":0},"fnMap":{"1":{"name":"constructor","line":15,"loc":{"start":{"line":9,"column":4},"end":{"line":18,"column":4}}},"2":{"name":"start","line":20,"loc":{"start":{"line":20,"column":4},"end":{"line":22,"column":4}}},"3":{"name":"complete","line":24,"loc":{"start":{"line":24,"column":4},"end":{"line":30,"column":4}}},"4":{"name":"getSchemeName","line":32,"loc":{"start":{"line":32,"column":4},"end":{"line":34,"column":4}}}},"statementMap":{"1":{"start":{"line":16,"column":8},"end":{"line":16,"column":33}},"2":{"start":{"line":17,"column":8},"end":{"line":17,"column":35}},"3":{"start":{"line":21,"column":8},"end":{"line":21,"column":24}},"4":{"start":{"line":25,"column":8},"end":{"line":25,"column":48}},"5":{"start":{"line":27,"column":8},"end":{"line":27,"column":671}},"6":{"start":{"line":28,"column":12},"end":{"line":28,"column":25}},"7":{"start":{"line":33,"column":8},"end":{"line":33,"column":27}}},"branchMap":{"1":{"line":27,"type":"if","locations":[{"start":{"line":27,"column":8},"end":{"line":27,"column":8}},{"start":{"line":27,"column":8},"end":{"line":27,"column":8}}]}}},"contracts/Shop.sol":{"l":{"19":0,"20":0,"22":0,"24":0,"28":0,"32":0,"36":0},"path":"/Users/lukewatson/projects/crypto/the-firm/contracts/contracts/Shop.sol","s":{"1":0,"2":0,"3":0,"4":0,"5":0,"6":0,"7":0},"b":{"1":[0,0]},"f":{"1":0,"2":0,"3":0,"4":0},"fnMap":{"1":{"name":"purchase","line":18,"loc":{"start":{"line":18,"column":4},"end":{"line":25,"column":4}}},"2":{"name":"getItem","line":27,"loc":{"start":{"line":27,"column":4},"end":{"line":29,"column":4}}},"3":{"name":"list","line":31,"loc":{"start":{"line":31,"column":4},"end":{"line":33,"column":4}}},"4":{"name":"setTreasuryContract","line":35,"loc":{"start":{"line":35,"column":4},"end":{"line":37,"column":4}}}},"statementMap":{"1":{"start":{"line":19,"column":8},"end":{"line":19,"column":53}},"2":{"start":{"line":20,"column":8},"end":{"line":20,"column":73}},"3":{"start":{"line":22,"column":8},"end":{"line":22,"column":79}},"4":{"start":{"line":24,"column":8},"end":{"line":24,"column":55}},"5":{"start":{"line":28,"column":8},"end":{"line":28,"column":40}},"6":{"start":{"line":32,"column":8},"end":{"line":32,"column":50}},"7":{"start":{"line":36,"column":8},"end":{"line":36,"column":50}}},"branchMap":{"1":{"line":22,"type":"if","locations":[{"start":{"line":22,"column":8},"end":{"line":22,"column":8}},{"start":{"line":22,"column":8},"end":{"line":22,"column":8}}]}}},"contracts/training/Training.sol":{"l":{"32":0,"36":0,"38":0,"40":0,"41":0,"42":0,"43":0,"44":0,"48":0,"49":0,"51":0,"60":0,"61":0,"63":0,"72":0,"73":0,"75":0,"84":0,"85":0,"87":0,"96":0,"100":0,"102":0,"105":0,"107":0,"109":0,"113":0,"114":0,"115":0,"116":0,"120":0,"121":0,"123":0,"124":0,"126":0,"127":0,"129":0,"130":0,"132":0,"133":0,"135":0,"136":0,"138":0,"139":0,"141":0,"142":0,"144":0,"145":0,"148":0,"152":0,"153":0,"157":0,"158":0,"162":0,"163":0,"167":0,"168":0,"170":0,"179":0,"180":0,"182":0,"191":0,"192":0,"194":0,"203":0,"204":0,"206":0,"215":0},"path":"/Users/lukewatson/projects/crypto/the-firm/contracts/contracts/training/Training.sol","s":{"1":0,"2":0,"3":0,"4":0,"5":0,"6":0,"7":0,"8":0,"9":0,"10":0,"11":0,"12":0,"13":0,"14":0,"15":0,"16":0,"17":0,"18":0,"19":0,"20":0,"21":0,"22":0,"23":0,"24":0,"25":0,"26":0,"27":0,"28":0,"29":0,"30":0,"31":0,"32":0,"33":0,"34":0,"35":0,"36":0,"37":0,"38":0,"39":0,"40":0,"41":0,"42":0,"43":0,"44":0,"45":0,"46":0,"47":0,"48":0,"49":0,"50":0,"51":0,"52":0,"53":0,"54":0,"55":0,"56":0,"57":0,"58":0,"59":0,"60":0,"61":0,"62":0,"63":0,"64":0,"65":0},"b":{"1":[0,0],"2":[0,0],"3":[0,0],"4":[0,0],"5":[0,0],"6":[0,0],"7":[0,0],"8":[0,0],"9":[0,0],"10":[0,0],"11":[0,0],"12":[0,0],"13":[0,0],"14":[0,0],"15":[0,0],"16":[0,0],"17":[0,0],"18":[0,0],"19":[0,0],"20":[0,0],"21":[0,0]},"f":{"1":0,"2":0,"3":0,"4":0,"5":0,"6":0,"7":0,"8":0,"9":0,"10":0},"fnMap":{"1":{"name":"setPlayerStats","line":31,"loc":{"start":{"line":31,"column":4},"end":{"line":33,"column":4}}},"2":{"name":"start","line":35,"loc":{"start":{"line":35,"column":4},"end":{"line":45,"column":4}}},"3":{"name":"finish","line":47,"loc":{"start":{"line":47,"column":4},"end":{"line":97,"column":4}}},"4":{"name":"calculateStatIncrease","line":99,"loc":{"start":{"line":99,"column":4},"end":{"line":110,"column":4}}},"5":{"name":"resetTraining","line":112,"loc":{"start":{"line":112,"column":4},"end":{"line":117,"column":4}}},"6":{"name":"getDurationAndMultiplier","line":119,"loc":{"start":{"line":119,"column":4},"end":{"line":149,"column":4}}},"7":{"name":"isTraining","line":151,"loc":{"start":{"line":151,"column":4},"end":{"line":154,"column":4}}},"8":{"name":"trainingFinished","line":156,"loc":{"start":{"line":156,"column":4},"end":{"line":159,"column":4}}},"9":{"name":"notTraining","line":161,"loc":{"start":{"line":161,"column":4},"end":{"line":164,"column":4}}},"10":{"name":"skipFinish","line":166,"loc":{"start":{"line":166,"column":4},"end":{"line":216,"column":4}}}},"statementMap":{"1":{"start":{"line":32,"column":8},"end":{"line":32,"column":47}},"2":{"start":{"line":36,"column":8},"end":{"line":36,"column":61}},"3":{"start":{"line":38,"column":8},"end":{"line":38,"column":66}},"4":{"start":{"line":40,"column":8},"end":{"line":40,"column":47}},"5":{"start":{"line":41,"column":8},"end":{"line":41,"column":62}},"6":{"start":{"line":42,"column":8},"end":{"line":42,"column":75}},"7":{"start":{"line":43,"column":8},"end":{"line":43,"column":55}},"8":{"start":{"line":44,"column":8},"end":{"line":44,"column":52}},"9":{"start":{"line":48,"column":8},"end":{"line":48,"column":1675}},"10":{"start":{"line":49,"column":12},"end":{"line":49,"column":103}},"11":{"start":{"line":51,"column":12},"end":{"line":51,"column":1854}},"12":{"start":{"line":60,"column":8},"end":{"line":60,"column":2108}},"13":{"start":{"line":61,"column":12},"end":{"line":61,"column":104}},"14":{"start":{"line":63,"column":12},"end":{"line":63,"column":2289}},"15":{"start":{"line":72,"column":8},"end":{"line":72,"column":2544}},"16":{"start":{"line":73,"column":12},"end":{"line":73,"column":102}},"17":{"start":{"line":75,"column":12},"end":{"line":75,"column":2721}},"18":{"start":{"line":84,"column":8},"end":{"line":84,"column":2974}},"19":{"start":{"line":85,"column":12},"end":{"line":85,"column":107}},"20":{"start":{"line":87,"column":12},"end":{"line":87,"column":3161}},"21":{"start":{"line":96,"column":8},"end":{"line":96,"column":32}},"22":{"start":{"line":100,"column":8},"end":{"line":100,"column":92}},"23":{"start":{"line":102,"column":8},"end":{"line":102,"column":45}},"24":{"start":{"line":105,"column":8},"end":{"line":105,"column":72}},"25":{"start":{"line":107,"column":8},"end":{"line":107,"column":67}},"26":{"start":{"line":109,"column":8},"end":{"line":109,"column":37}},"27":{"start":{"line":113,"column":8},"end":{"line":113,"column":51}},"28":{"start":{"line":114,"column":8},"end":{"line":114,"column":48}},"29":{"start":{"line":115,"column":8},"end":{"line":115,"column":47}},"30":{"start":{"line":116,"column":8},"end":{"line":116,"column":53}},"31":{"start":{"line":120,"column":8},"end":{"line":120,"column":4344}},"32":{"start":{"line":121,"column":12},"end":{"line":121,"column":33}},"33":{"start":{"line":123,"column":8},"end":{"line":123,"column":4435}},"34":{"start":{"line":124,"column":12},"end":{"line":124,"column":33}},"35":{"start":{"line":126,"column":8},"end":{"line":126,"column":4527}},"36":{"start":{"line":127,"column":12},"end":{"line":127,"column":33}},"37":{"start":{"line":129,"column":8},"end":{"line":129,"column":4620}},"38":{"start":{"line":130,"column":12},"end":{"line":130,"column":33}},"39":{"start":{"line":132,"column":8},"end":{"line":132,"column":4714}},"40":{"start":{"line":133,"column":12},"end":{"line":133,"column":34}},"41":{"start":{"line":135,"column":8},"end":{"line":135,"column":4810}},"42":{"start":{"line":136,"column":12},"end":{"line":136,"column":34}},"43":{"start":{"line":138,"column":8},"end":{"line":138,"column":4901}},"44":{"start":{"line":139,"column":12},"end":{"line":139,"column":34}},"45":{"start":{"line":141,"column":8},"end":{"line":141,"column":4993}},"46":{"start":{"line":142,"column":12},"end":{"line":142,"column":34}},"47":{"start":{"line":144,"column":8},"end":{"line":144,"column":5086}},"48":{"start":{"line":145,"column":12},"end":{"line":145,"column":35}},"49":{"start":{"line":148,"column":8},"end":{"line":148,"column":33}},"50":{"start":{"line":152,"column":8},"end":{"line":152,"column":82}},"51":{"start":{"line":157,"column":8},"end":{"line":157,"column":100}},"52":{"start":{"line":162,"column":8},"end":{"line":162,"column":87}},"53":{"start":{"line":167,"column":8},"end":{"line":167,"column":5686}},"54":{"start":{"line":168,"column":12},"end":{"line":168,"column":103}},"55":{"start":{"line":170,"column":12},"end":{"line":170,"column":5865}},"56":{"start":{"line":179,"column":8},"end":{"line":179,"column":6119}},"57":{"start":{"line":180,"column":12},"end":{"line":180,"column":104}},"58":{"start":{"line":182,"column":12},"end":{"line":182,"column":6300}},"59":{"start":{"line":191,"column":8},"end":{"line":191,"column":6555}},"60":{"start":{"line":192,"column":12},"end":{"line":192,"column":102}},"61":{"start":{"line":194,"column":12},"end":{"line":194,"column":6732}},"62":{"start":{"line":203,"column":8},"end":{"line":203,"column":6985}},"63":{"start":{"line":204,"column":12},"end":{"line":204,"column":107}},"64":{"start":{"line":206,"column":12},"end":{"line":206,"column":7172}},"65":{"start":{"line":215,"column":8},"end":{"line":215,"column":32}}},"branchMap":{"1":{"line":36,"type":"if","locations":[{"start":{"line":36,"column":8},"end":{"line":36,"column":8}},{"start":{"line":36,"column":8},"end":{"line":36,"column":8}}]},"2":{"line":48,"type":"if","locations":[{"start":{"line":48,"column":8},"end":{"line":48,"column":8}},{"start":{"line":48,"column":8},"end":{"line":48,"column":8}}]},"3":{"line":60,"type":"if","locations":[{"start":{"line":60,"column":8},"end":{"line":60,"column":8}},{"start":{"line":60,"column":8},"end":{"line":60,"column":8}}]},"4":{"line":72,"type":"if","locations":[{"start":{"line":72,"column":8},"end":{"line":72,"column":8}},{"start":{"line":72,"column":8},"end":{"line":72,"column":8}}]},"5":{"line":84,"type":"if","locations":[{"start":{"line":84,"column":8},"end":{"line":84,"column":8}},{"start":{"line":84,"column":8},"end":{"line":84,"column":8}}]},"6":{"line":120,"type":"if","locations":[{"start":{"line":120,"column":8},"end":{"line":120,"column":8}},{"start":{"line":120,"column":8},"end":{"line":120,"column":8}}]},"7":{"line":123,"type":"if","locations":[{"start":{"line":123,"column":8},"end":{"line":123,"column":8}},{"start":{"line":123,"column":8},"end":{"line":123,"column":8}}]},"8":{"line":126,"type":"if","locations":[{"start":{"line":126,"column":8},"end":{"line":126,"column":8}},{"start":{"line":126,"column":8},"end":{"line":126,"column":8}}]},"9":{"line":129,"type":"if","locations":[{"start":{"line":129,"column":8},"end":{"line":129,"column":8}},{"start":{"line":129,"column":8},"end":{"line":129,"column":8}}]},"10":{"line":132,"type":"if","locations":[{"start":{"line":132,"column":8},"end":{"line":132,"column":8}},{"start":{"line":132,"column":8},"end":{"line":132,"column":8}}]},"11":{"line":135,"type":"if","locations":[{"start":{"line":135,"column":8},"end":{"line":135,"column":8}},{"start":{"line":135,"column":8},"end":{"line":135,"column":8}}]},"12":{"line":138,"type":"if","locations":[{"start":{"line":138,"column":8},"end":{"line":138,"column":8}},{"start":{"line":138,"column":8},"end":{"line":138,"column":8}}]},"13":{"line":141,"type":"if","locations":[{"start":{"line":141,"column":8},"end":{"line":141,"column":8}},{"start":{"line":141,"column":8},"end":{"line":141,"column":8}}]},"14":{"line":144,"type":"if","locations":[{"start":{"line":144,"column":8},"end":{"line":144,"column":8}},{"start":{"line":144,"column":8},"end":{"line":144,"column":8}}]},"15":{"line":152,"type":"if","locations":[{"start":{"line":152,"column":8},"end":{"line":152,"column":8}},{"start":{"line":152,"column":8},"end":{"line":152,"column":8}}]},"16":{"line":157,"type":"if","locations":[{"start":{"line":157,"column":8},"end":{"line":157,"column":8}},{"start":{"line":157,"column":8},"end":{"line":157,"column":8}}]},"17":{"line":162,"type":"if","locations":[{"start":{"line":162,"column":8},"end":{"line":162,"column":8}},{"start":{"line":162,"column":8},"end":{"line":162,"column":8}}]},"18":{"line":167,"type":"if","locations":[{"start":{"line":167,"column":8},"end":{"line":167,"column":8}},{"start":{"line":167,"column":8},"end":{"line":167,"column":8}}]},"19":{"line":179,"type":"if","locations":[{"start":{"line":179,"column":8},"end":{"line":179,"column":8}},{"start":{"line":179,"column":8},"end":{"line":179,"column":8}}]},"20":{"line":191,"type":"if","locations":[{"start":{"line":191,"column":8},"end":{"line":191,"column":8}},{"start":{"line":191,"column":8},"end":{"line":191,"column":8}}]},"21":{"line":203,"type":"if","locations":[{"start":{"line":203,"column":8},"end":{"line":203,"column":8}},{"start":{"line":203,"column":8},"end":{"line":203,"column":8}}]}}},"contracts/utils/Random.sol":{"l":{"7":0},"path":"/Users/lukewatson/projects/crypto/the-firm/contracts/contracts/utils/Random.sol","s":{"1":0},"b":{},"f":{"1":0},"fnMap":{"1":{"name":"random","line":6,"loc":{"start":{"line":6,"column":4},"end":{"line":8,"column":4}}}},"statementMap":{"1":{"start":{"line":7,"column":8},"end":{"line":7,"column":87}}},"branchMap":{}}}