{
"contracts/Cash.sol":{"l":{"9":0,"13":0},"path":"/Users/lukewatson/projects/crypto/the-firm/contracts/contracts/Cash.sol","s":{"1":0,"2":0},"b":{},"f":{"1":0,"2":0,"3":0},"fnMap":{"1":{"name":"constructor","line":6,"loc":{"start":{"line":6,"column":4},"end":{"line":6,"column":48}}},"2":{"name":"burn","line":8,"loc":{"start":{"line":8,"column":4},"end":{"line":10,"column":4}}},"3":{"name":"mint","line":12,"loc":{"start":{"line":12,"column":4},"end":{"line":14,"column":4}}}},"statementMap":{"1":{"start":{"line":9,"column":8},"end":{"line":9,"column":39}},"2":{"start":{"line":13,"column":8},"end":{"line":13,"column":33}}},"branchMap":{}},
"contracts/item/ItemBase.sol":{"l":{"10":0,"14":0,"15":0,"16":0,"21":0},"path":"/Users/lukewatson/projects/crypto/the-firm/contracts/contracts/item/ItemBase.sol","s":{"1":0,"2":0,"3":0,"4":0},"b":{},"f":{"1":0,"2":0,"3":0},"fnMap":{"1":{"name":"constructor","line":9,"loc":{"start":{"line":9,"column":4},"end":{"line":11,"column":4}}},"2":{"name":"mint","line":13,"loc":{"start":{"line":13,"column":4},"end":{"line":18,"column":4}}},"3":{"name":"destroy","line":20,"loc":{"start":{"line":20,"column":4},"end":{"line":22,"column":4}}}},"statementMap":{"1":{"start":{"line":10,"column":8},"end":{"line":10,"column":21}},"2":{"start":{"line":14,"column":8},"end":{"line":14,"column":395}},"3":{"start":{"line":15,"column":12},"end":{"line":15,"column":38}},"4":{"start":{"line":21,"column":8},"end":{"line":21,"column":20}}},"branchMap":{}},
"contracts/player/Player.sol":{"l":{"24":0,"25":0,"29":0,"33":0,"37":0,"41":0,"43":0,"44":0,"46":0,"51":0,"53":0,"54":0,"58":0,"60":0,"61":0,"65":0,"67":0,"69":0,"73":0,"77":0,"81":0,"82":0,"86":0,"87":0,"91":0,"92":0},"path":"/Users/lukewatson/projects/crypto/the-firm/contracts/contracts/player/Player.sol","s":{"1":0,"2":0,"3":0,"4":0,"5":0,"6":0,"7":0,"8":0,"9":0,"10":0,"11":0,"12":0,"13":0,"14":0,"15":0,"16":0,"17":0,"18":0,"19":0,"20":0,"21":0,"22":0,"23":0},"b":{"1":[0,0],"2":[0,0],"3":[0,0],"4":[0,0],"5":[0,0],"6":[0,0],"7":[0,0]},"f":{"1":0,"2":0,"3":0,"4":0,"5":0,"6":0,"7":0,"8":0,"9":0,"10":0,"11":0,"12":0,"13":0},"fnMap":{"1":{"name":"constructor","line":23,"loc":{"start":{"line":23,"column":4},"end":{"line":26,"column":4}}},"2":{"name":"setCashAddress","line":28,"loc":{"start":{"line":28,"column":4},"end":{"line":30,"column":4}}},"3":{"name":"setPlayerStatsAddress","line":32,"loc":{"start":{"line":32,"column":4},"end":{"line":34,"column":4}}},"4":{"name":"setCashSpender","line":36,"loc":{"start":{"line":36,"column":4},"end":{"line":38,"column":4}}},"5":{"name":"create","line":40,"loc":{"start":{"line":40,"column":4},"end":{"line":47,"column":4}}},"6":{"name":"depositCash","line":50,"loc":{"start":{"line":50,"column":4},"end":{"line":55,"column":4}}},"7":{"name":"depositCashTo","line":57,"loc":{"start":{"line":57,"column":4},"end":{"line":62,"column":4}}},"8":{"name":"spendCash","line":64,"loc":{"start":{"line":64,"column":4},"end":{"line":70,"column":4}}},"9":{"name":"isPlayer","line":72,"loc":{"start":{"line":72,"column":4},"end":{"line":74,"column":4}}},"10":{"name":"getBalance","line":76,"loc":{"start":{"line":76,"column":4},"end":{"line":78,"column":4}}},"11":{"name":"hasAccount","line":80,"loc":{"start":{"line":80,"column":4},"end":{"line":83,"column":4}}},"12":{"name":"onlyAdmin","line":85,"loc":{"start":{"line":85,"column":4},"end":{"line":88,"column":4}}},"13":{"name":"onlyCashSpender","line":90,"loc":{"start":{"line":90,"column":4},"end":{"line":93,"column":4}}}},"statementMap":{"1":{"start":{"line":24,"column":8},"end":{"line":24,"column":36}},"2":{"start":{"line":25,"column":8},"end":{"line":25,"column":41}},"3":{"start":{"line":29,"column":8},"end":{"line":29,"column":33}},"4":{"start":{"line":33,"column":8},"end":{"line":33,"column":33}},"5":{"start":{"line":37,"column":8},"end":{"line":37,"column":36}},"6":{"start":{"line":41,"column":8},"end":{"line":41,"column":71}},"7":{"start":{"line":43,"column":8},"end":{"line":43,"column":34}},"8":{"start":{"line":44,"column":8},"end":{"line":44,"column":31}},"9":{"start":{"line":46,"column":8},"end":{"line":46,"column":60}},"10":{"start":{"line":51,"column":8},"end":{"line":51,"column":88}},"11":{"start":{"line":53,"column":8},"end":{"line":53,"column":73}},"12":{"start":{"line":54,"column":8},"end":{"line":54,"column":63}},"13":{"start":{"line":58,"column":8},"end":{"line":58,"column":88}},"14":{"start":{"line":60,"column":8},"end":{"line":60,"column":73}},"15":{"start":{"line":61,"column":8},"end":{"line":61,"column":51}},"16":{"start":{"line":65,"column":8},"end":{"line":65,"column":41}},"17":{"start":{"line":67,"column":8},"end":{"line":67,"column":51}},"18":{"start":{"line":69,"column":8},"end":{"line":69,"column":38}},"19":{"start":{"line":73,"column":8},"end":{"line":73,"column":29}},"20":{"start":{"line":77,"column":8},"end":{"line":77,"column":29}},"21":{"start":{"line":81,"column":8},"end":{"line":81,"column":56}},"22":{"start":{"line":86,"column":8},"end":{"line":86,"column":55}},"23":{"start":{"line":91,"column":8},"end":{"line":91,"column":69}}},"branchMap":{"1":{"line":41,"type":"if","locations":[{"start":{"line":41,"column":8},"end":{"line":41,"column":8}},{"start":{"line":41,"column":8},"end":{"line":41,"column":8}}]},"2":{"line":51,"type":"if","locations":[{"start":{"line":51,"column":8},"end":{"line":51,"column":8}},{"start":{"line":51,"column":8},"end":{"line":51,"column":8}}]},"3":{"line":58,"type":"if","locations":[{"start":{"line":58,"column":8},"end":{"line":58,"column":8}},{"start":{"line":58,"column":8},"end":{"line":58,"column":8}}]},"4":{"line":65,"type":"if","locations":[{"start":{"line":65,"column":8},"end":{"line":65,"column":8}},{"start":{"line":65,"column":8},"end":{"line":65,"column":8}}]},"5":{"line":81,"type":"if","locations":[{"start":{"line":81,"column":8},"end":{"line":81,"column":8}},{"start":{"line":81,"column":8},"end":{"line":81,"column":8}}]},"6":{"line":86,"type":"if","locations":[{"start":{"line":86,"column":8},"end":{"line":86,"column":8}},{"start":{"line":86,"column":8},"end":{"line":86,"column":8}}]},"7":{"line":91,"type":"if","locations":[{"start":{"line":91,"column":8},"end":{"line":91,"column":8}},{"start":{"line":91,"column":8},"end":{"line":91,"column":8}}]}}},
"contracts/player/PlayerStats.sol":{"l":{"41":0,"42":0,"46":0,"50":0,"57":0,"64":0,"82":0,"83":0,"98":0,"100":0,"114":0,"116":0,"131":0,"132":0,"133":0,"134":0,"138":0,"139":0,"143":0,"144":0,"148":0,"149":0,"153":0,"154":0},"path":"/Users/lukewatson/projects/crypto/the-firm/contracts/contracts/player/PlayerStats.sol","s":{"1":0,"2":0,"3":0,"4":0,"5":0,"6":0,"7":0,"8":0,"9":0,"10":0,"11":0,"12":0,"13":0,"14":0,"15":0,"16":0,"17":0,"18":0,"19":0,"20":0},"b":{"1":[0,0],"2":[0,0],"3":[0,0],"4":[0,0]},"f":{"1":0,"2":0,"3":0,"4":0,"5":0,"6":0,"7":0,"8":0,"9":0,"10":0,"11":0},"fnMap":{"1":{"name":"constructor","line":40,"loc":{"start":{"line":40,"column":4},"end":{"line":43,"column":4}}},"2":{"name":"setPlayerManager","line":45,"loc":{"start":{"line":45,"column":4},"end":{"line":47,"column":4}}},"3":{"name":"createBasePlayer","line":49,"loc":{"start":{"line":49,"column":4},"end":{"line":73,"column":4}}},"4":{"name":"getPlayerStats","line":75,"loc":{"start":{"line":75,"column":4},"end":{"line":90,"column":4}}},"5":{"name":"getPlayerBattleStats","line":92,"loc":{"start":{"line":92,"column":4},"end":{"line":106,"column":4}}},"6":{"name":"getPlayerFarmingStats","line":108,"loc":{"start":{"line":108,"column":4},"end":{"line":122,"column":4}}},"7":{"name":"increaseFarmingStats","line":130,"loc":{"start":{"line":124,"column":4},"end":{"line":135,"column":4}}},"8":{"name":"onlyNewPlayer","line":137,"loc":{"start":{"line":137,"column":4},"end":{"line":140,"column":4}}},"9":{"name":"existingPlayer","line":142,"loc":{"start":{"line":142,"column":4},"end":{"line":145,"column":4}}},"10":{"name":"onlyPlayerManager","line":147,"loc":{"start":{"line":147,"column":4},"end":{"line":150,"column":4}}},"11":{"name":"onlyAdmin","line":152,"loc":{"start":{"line":152,"column":4},"end":{"line":155,"column":4}}}},"statementMap":{"1":{"start":{"line":41,"column":8},"end":{"line":41,"column":36}},"2":{"start":{"line":42,"column":8},"end":{"line":42,"column":43}},"3":{"start":{"line":46,"column":8},"end":{"line":46,"column":48}},"4":{"start":{"line":50,"column":8},"end":{"line":50,"column":1534}},"5":{"start":{"line":57,"column":8},"end":{"line":57,"column":1713}},"6":{"start":{"line":64,"column":8},"end":{"line":64,"column":1877}},"7":{"start":{"line":82,"column":8},"end":{"line":82,"column":46}},"8":{"start":{"line":83,"column":8},"end":{"line":83,"column":2378}},"9":{"start":{"line":98,"column":8},"end":{"line":98,"column":64}},"10":{"start":{"line":100,"column":8},"end":{"line":100,"column":2806}},"11":{"start":{"line":114,"column":8},"end":{"line":114,"column":66}},"12":{"start":{"line":116,"column":8},"end":{"line":116,"column":3218}},"13":{"start":{"line":131,"column":8},"end":{"line":131,"column":100}},"14":{"start":{"line":132,"column":8},"end":{"line":132,"column":109}},"15":{"start":{"line":133,"column":8},"end":{"line":133,"column":112}},"16":{"start":{"line":134,"column":8},"end":{"line":134,"column":112}},"17":{"start":{"line":138,"column":8},"end":{"line":138,"column":76}},"18":{"start":{"line":143,"column":8},"end":{"line":143,"column":66}},"19":{"start":{"line":148,"column":8},"end":{"line":148,"column":73}},"20":{"start":{"line":153,"column":8},"end":{"line":153,"column":55}}},"branchMap":{"1":{"line":138,"type":"if","locations":[{"start":{"line":138,"column":8},"end":{"line":138,"column":8}},{"start":{"line":138,"column":8},"end":{"line":138,"column":8}}]},"2":{"line":143,"type":"if","locations":[{"start":{"line":143,"column":8},"end":{"line":143,"column":8}},{"start":{"line":143,"column":8},"end":{"line":143,"column":8}}]},"3":{"line":148,"type":"if","locations":[{"start":{"line":148,"column":8},"end":{"line":148,"column":8}},{"start":{"line":148,"column":8},"end":{"line":148,"column":8}}]},"4":{"line":153,"type":"if","locations":[{"start":{"line":153,"column":8},"end":{"line":153,"column":8}},{"start":{"line":153,"column":8},"end":{"line":153,"column":8}}]}}},
"contracts/schemes/BaseScheme.sol":{"l":{"27":0,"28":0,"29":0,"33":0,"37":0,"38":0,"42":0,"46":0,"50":0,"56":0,"60":0,"64":0,"68":0,"72":0,"73":0},"path":"/Users/lukewatson/projects/crypto/the-firm/contracts/contracts/schemes/BaseScheme.sol","s":{"1":0,"2":0,"3":0,"4":0,"5":0,"6":0,"7":0,"8":0,"9":0,"10":0,"11":0,"12":0,"13":0,"14":0},"b":{"1":[0,0]},"f":{"1":0,"2":0,"3":0,"4":0,"5":0,"6":0,"7":0,"8":0,"9":0,"10":0,"11":0,"12":0},"fnMap":{"1":{"name":"constructor","line":22,"loc":{"start":{"line":22,"column":4},"end":{"line":30,"column":4}}},"2":{"name":"setRandomNumberGenerator","line":32,"loc":{"start":{"line":32,"column":4},"end":{"line":34,"column":4}}},"3":{"name":"setCashContract","line":36,"loc":{"start":{"line":36,"column":4},"end":{"line":39,"column":4}}},"4":{"name":"setPlayer","line":41,"loc":{"start":{"line":41,"column":4},"end":{"line":43,"column":4}}},"5":{"name":"setPlayerStats","line":45,"loc":{"start":{"line":45,"column":4},"end":{"line":47,"column":4}}},"6":{"name":"start","line":49,"loc":{"start":{"line":49,"column":4},"end":{"line":51,"column":4}}},"7":{"name":"complete","line":53,"loc":{"start":{"line":53,"column":4},"end":{"line":53,"column":70}}},"8":{"name":"getSchemeName","line":55,"loc":{"start":{"line":55,"column":4},"end":{"line":57,"column":4}}},"9":{"name":"getSuccessGauge","line":59,"loc":{"start":{"line":59,"column":4},"end":{"line":61,"column":4}}},"10":{"name":"mint","line":63,"loc":{"start":{"line":63,"column":4},"end":{"line":65,"column":4}}},"11":{"name":"getScheme","line":67,"loc":{"start":{"line":67,"column":4},"end":{"line":69,"column":4}}},"12":{"name":"onlySchemeManager","line":71,"loc":{"start":{"line":71,"column":4},"end":{"line":74,"column":4}}}},"statementMap":{"1":{"start":{"line":27,"column":8},"end":{"line":27,"column":27}},"2":{"start":{"line":28,"column":8},"end":{"line":28,"column":31}},"3":{"start":{"line":29,"column":8},"end":{"line":29,"column":37}},"4":{"start":{"line":33,"column":8},"end":{"line":33,"column":53}},"5":{"start":{"line":37,"column":8},"end":{"line":37,"column":42}},"6":{"start":{"line":38,"column":8},"end":{"line":38,"column":58}},"7":{"start":{"line":42,"column":8},"end":{"line":42,"column":37}},"8":{"start":{"line":46,"column":8},"end":{"line":46,"column":47}},"9":{"start":{"line":50,"column":8},"end":{"line":50,"column":66}},"10":{"start":{"line":56,"column":8},"end":{"line":56,"column":17}},"11":{"start":{"line":60,"column":8},"end":{"line":60,"column":56}},"12":{"start":{"line":64,"column":8},"end":{"line":64,"column":45}},"13":{"start":{"line":68,"column":8},"end":{"line":68,"column":42}},"14":{"start":{"line":72,"column":8},"end":{"line":72,"column":20}}},"branchMap":{"1":{"line":72,"type":"if","locations":[{"start":{"line":72,"column":8},"end":{"line":72,"column":8}},{"start":{"line":72,"column":8},"end":{"line":72,"column":8}}]}}},
"contracts/schemes/Schemes.sol":{"l":{"28":0,"32":0,"37":0,"41":0,"42":0,"44":0,"46":0,"50":0,"51":0,"53":0,"54":0,"56":0,"60":0,"62":0,"63":0,"64":0,"68":0,"72":0,"74":0,"76":0,"77":0,"78":0,"84":0,"86":0,"88":0,"89":0,"90":0,"100":0,"101":0,"103":0,"111":0},"path":"/Users/lukewatson/projects/crypto/the-firm/contracts/contracts/schemes/Schemes.sol","s":{"1":0,"2":0,"3":0,"4":0,"5":0,"6":0,"7":0,"8":0,"9":0,"10":0,"11":0,"12":0,"13":0,"14":0,"15":0,"16":0,"17":0,"18":0,"19":0,"20":0,"21":0,"22":0,"23":0,"24":0,"25":0,"26":0,"27":0,"28":0,"29":0,"30":0,"31":0},"b":{"1":[0,0],"2":[0,0],"3":[0,0],"4":[0,0],"5":[0,0],"6":[0,0],"7":[0,0],"8":[0,0]},"f":{"1":0,"2":0,"3":0,"4":0,"5":0,"6":0,"7":0,"8":0},"fnMap":{"1":{"name":"constructor","line":27,"loc":{"start":{"line":27,"column":4},"end":{"line":29,"column":4}}},"2":{"name":"addScheme","line":31,"loc":{"start":{"line":31,"column":4},"end":{"line":38,"column":4}}},"3":{"name":"startScheme","line":40,"loc":{"start":{"line":40,"column":4},"end":{"line":47,"column":4}}},"4":{"name":"completeScheme","line":49,"loc":{"start":{"line":49,"column":4},"end":{"line":57,"column":4}}},"5":{"name":"listSchemes","line":59,"loc":{"start":{"line":59,"column":4},"end":{"line":69,"column":4}}},"6":{"name":"start","line":71,"loc":{"start":{"line":71,"column":4},"end":{"line":81,"column":4}}},"7":{"name":"complete","line":83,"loc":{"start":{"line":83,"column":4},"end":{"line":91,"column":4}}},"8":{"name":"getOngoingScheme","line":93,"loc":{"start":{"line":93,"column":4},"end":{"line":112,"column":4}}}},"statementMap":{"1":{"start":{"line":28,"column":8},"end":{"line":28,"column":23}},"2":{"start":{"line":32,"column":8},"end":{"line":32,"column":692}},"3":{"start":{"line":37,"column":8},"end":{"line":37,"column":41}},"4":{"start":{"line":41,"column":8},"end":{"line":41,"column":68}},"5":{"start":{"line":42,"column":8},"end":{"line":42,"column":88}},"6":{"start":{"line":44,"column":8},"end":{"line":44,"column":69}},"7":{"start":{"line":46,"column":8},"end":{"line":46,"column":35}},"8":{"start":{"line":50,"column":8},"end":{"line":50,"column":69}},"9":{"start":{"line":51,"column":8},"end":{"line":51,"column":102}},"10":{"start":{"line":53,"column":8},"end":{"line":53,"column":62}},"11":{"start":{"line":54,"column":8},"end":{"line":54,"column":71}},"12":{"start":{"line":56,"column":8},"end":{"line":56,"column":37}},"13":{"start":{"line":60,"column":8},"end":{"line":60,"column":62}},"14":{"start":{"line":62,"column":8},"end":{"line":62,"column":1736}},"15":{"start":{"line":63,"column":12},"end":{"line":63,"column":1797}},"16":{"start":{"line":64,"column":16},"end":{"line":64,"column":38}},"17":{"start":{"line":68,"column":8},"end":{"line":68,"column":28}},"18":{"start":{"line":72,"column":8},"end":{"line":72,"column":82}},"19":{"start":{"line":74,"column":8},"end":{"line":74,"column":36}},"20":{"start":{"line":76,"column":8},"end":{"line":76,"column":54}},"21":{"start":{"line":77,"column":8},"end":{"line":77,"column":63}},"22":{"start":{"line":78,"column":8},"end":{"line":78,"column":2243}},"23":{"start":{"line":84,"column":8},"end":{"line":84,"column":69}},"24":{"start":{"line":86,"column":8},"end":{"line":86,"column":37}},"25":{"start":{"line":88,"column":8},"end":{"line":88,"column":46}},"26":{"start":{"line":89,"column":8},"end":{"line":89,"column":49}},"27":{"start":{"line":90,"column":8},"end":{"line":90,"column":52}},"28":{"start":{"line":100,"column":8},"end":{"line":100,"column":2965}},"29":{"start":{"line":101,"column":12},"end":{"line":101,"column":60}},"30":{"start":{"line":103,"column":12},"end":{"line":103,"column":3075}},"31":{"start":{"line":111,"column":8},"end":{"line":111,"column":43}}},"branchMap":{"1":{"line":41,"type":"if","locations":[{"start":{"line":41,"column":8},"end":{"line":41,"column":8}},{"start":{"line":41,"column":8},"end":{"line":41,"column":8}}]},"2":{"line":42,"type":"if","locations":[{"start":{"line":42,"column":8},"end":{"line":42,"column":8}},{"start":{"line":42,"column":8},"end":{"line":42,"column":8}}]},"3":{"line":50,"type":"if","locations":[{"start":{"line":50,"column":8},"end":{"line":50,"column":8}},{"start":{"line":50,"column":8},"end":{"line":50,"column":8}}]},"4":{"line":51,"type":"if","locations":[{"start":{"line":51,"column":8},"end":{"line":51,"column":8}},{"start":{"line":51,"column":8},"end":{"line":51,"column":8}}]},"5":{"line":63,"type":"if","locations":[{"start":{"line":63,"column":12},"end":{"line":63,"column":12}},{"start":{"line":63,"column":12},"end":{"line":63,"column":12}}]},"6":{"line":72,"type":"if","locations":[{"start":{"line":72,"column":8},"end":{"line":72,"column":8}},{"start":{"line":72,"column":8},"end":{"line":72,"column":8}}]},"7":{"line":84,"type":"if","locations":[{"start":{"line":84,"column":8},"end":{"line":84,"column":8}},{"start":{"line":84,"column":8},"end":{"line":84,"column":8}}]},"8":{"line":100,"type":"if","locations":[{"start":{"line":100,"column":8},"end":{"line":100,"column":8}},{"start":{"line":100,"column":8},"end":{"line":100,"column":8}}]}}},
"contracts/schemes/ScroungeForSatoshis.sol":{"l":{"25":0,"26":0},"path":"/Users/lukewatson/projects/crypto/the-firm/contracts/contracts/schemes/ScroungeForSatoshis.sol","s":{"1":0,"2":0},"b":{},"f":{"1":0},"fnMap":{"1":{"name":"constructor","line":24,"loc":{"start":{"line":14,"column":4},"end":{"line":27,"column":4}}}},"statementMap":{"1":{"start":{"line":25,"column":8},"end":{"line":25,"column":33}},"2":{"start":{"line":26,"column":8},"end":{"line":26,"column":35}}},"branchMap":{}},
"contracts/schemes/TestScheme.sol":{"l":{"21":0,"22":0,"26":0,"30":0,"34":0},"path":"/Users/lukewatson/projects/crypto/the-firm/contracts/contracts/schemes/TestScheme.sol","s":{"1":0,"2":0,"3":0,"4":0,"5":0},"b":{},"f":{"1":0,"2":0,"3":0,"4":0},"fnMap":{"1":{"name":"constructor","line":20,"loc":{"start":{"line":10,"column":4},"end":{"line":23,"column":4}}},"2":{"name":"start","line":25,"loc":{"start":{"line":25,"column":4},"end":{"line":27,"column":4}}},"3":{"name":"complete","line":29,"loc":{"start":{"line":29,"column":4},"end":{"line":31,"column":4}}},"4":{"name":"getSchemeName","line":33,"loc":{"start":{"line":33,"column":4},"end":{"line":35,"column":4}}}},"statementMap":{"1":{"start":{"line":21,"column":8},"end":{"line":21,"column":33}},"2":{"start":{"line":22,"column":8},"end":{"line":22,"column":35}},"3":{"start":{"line":26,"column":8},"end":{"line":26,"column":24}},"4":{"start":{"line":30,"column":8},"end":{"line":30,"column":21}},"5":{"start":{"line":34,"column":8},"end":{"line":34,"column":27}}},"branchMap":{}},
"contracts/schemes/YieldFarm.sol":{"l":{"21":0,"22":0,"26":0,"30":0,"32":0,"33":0,"40":0},"path":"/Users/lukewatson/projects/crypto/the-firm/contracts/contracts/schemes/YieldFarm.sol","s":{"1":0,"2":0,"3":0,"4":0,"5":0,"6":0,"7":0},"b":{"1":[0,0]},"f":{"1":0,"2":0,"3":0,"4":0},"fnMap":{"1":{"name":"constructor","line":20,"loc":{"start":{"line":10,"column":4},"end":{"line":23,"column":4}}},"2":{"name":"start","line":25,"loc":{"start":{"line":25,"column":4},"end":{"line":27,"column":4}}},"3":{"name":"complete","line":29,"loc":{"start":{"line":29,"column":4},"end":{"line":37,"column":4}}},"4":{"name":"getSchemeName","line":39,"loc":{"start":{"line":39,"column":4},"end":{"line":41,"column":4}}}},"statementMap":{"1":{"start":{"line":21,"column":8},"end":{"line":21,"column":33}},"2":{"start":{"line":22,"column":8},"end":{"line":22,"column":35}},"3":{"start":{"line":26,"column":8},"end":{"line":26,"column":24}},"4":{"start":{"line":30,"column":8},"end":{"line":30,"column":48}},"5":{"start":{"line":32,"column":8},"end":{"line":32,"column":694}},"6":{"start":{"line":33,"column":12},"end":{"line":33,"column":25}},"7":{"start":{"line":40,"column":8},"end":{"line":40,"column":27}}},"branchMap":{"1":{"line":32,"type":"if","locations":[{"start":{"line":32,"column":8},"end":{"line":32,"column":8}},{"start":{"line":32,"column":8},"end":{"line":32,"column":8}}]}}},
"contracts/Shop.sol":{"l":{"17":0,"18":0,"20":0,"22":0,"26":0,"30":0,"36":0},"path":"/Users/lukewatson/projects/crypto/the-firm/contracts/contracts/Shop.sol","s":{"1":0,"2":0,"3":0,"4":0,"5":0,"6":0,"7":0},"b":{"1":[0,0]},"f":{"1":0,"2":0,"3":0,"4":0},"fnMap":{"1":{"name":"purchase","line":16,"loc":{"start":{"line":16,"column":4},"end":{"line":23,"column":4}}},"2":{"name":"getItem","line":25,"loc":{"start":{"line":25,"column":4},"end":{"line":27,"column":4}}},"3":{"name":"list","line":29,"loc":{"start":{"line":29,"column":4},"end":{"line":33,"column":4}}},"4":{"name":"setPlayerContract","line":35,"loc":{"start":{"line":35,"column":4},"end":{"line":37,"column":4}}}},"statementMap":{"1":{"start":{"line":17,"column":8},"end":{"line":17,"column":53}},"2":{"start":{"line":18,"column":8},"end":{"line":18,"column":71}},"3":{"start":{"line":20,"column":8},"end":{"line":20,"column":64}},"4":{"start":{"line":22,"column":8},"end":{"line":22,"column":55}},"5":{"start":{"line":26,"column":8},"end":{"line":26,"column":40}},"6":{"start":{"line":30,"column":8},"end":{"line":30,"column":844}},"7":{"start":{"line":36,"column":8},"end":{"line":36,"column":46}}},"branchMap":{"1":{"line":20,"type":"if","locations":[{"start":{"line":20,"column":8},"end":{"line":20,"column":8}},{"start":{"line":20,"column":8},"end":{"line":20,"column":8}}]}}},
"contracts/training/Training.sol":{"l":{},"path":"/Users/lukewatson/projects/crypto/the-firm/contracts/contracts/training/Training.sol","s":{},"b":{},"f":{"1":0},"fnMap":{"1":{"name":"train","line":5,"loc":{"start":{"line":5,"column":4},"end":{"line":7,"column":4}}}},"statementMap":{},"branchMap":{}},
"contracts/utils/Random.sol":{"l":{"7":0},"path":"/Users/lukewatson/projects/crypto/the-firm/contracts/contracts/utils/Random.sol","s":{"1":0},"b":{},"f":{"1":0},"fnMap":{"1":{"name":"random","line":6,"loc":{"start":{"line":6,"column":4},"end":{"line":8,"column":4}}}},"statementMap":{"1":{"start":{"line":7,"column":8},"end":{"line":7,"column":84}}},"branchMap":{}}}
