TN:
SF:/Users/lukewatson/projects/crypto/the-firm/contracts/contracts/Cash.sol
FN:6,constructor
FN:8,burn
FN:12,mint
FNF:3
FNH:0
FNDA:0,constructor
FNDA:0,burn
FNDA:0,mint
DA:9,0
DA:13,0
LF:2
LH:0
BRF:0
BRH:0
end_of_record
TN:
SF:/Users/lukewatson/projects/crypto/the-firm/contracts/contracts/item/ItemBase.sol
FN:9,constructor
FN:13,mint
FN:20,destroy
FNF:3
FNH:0
FNDA:0,constructor
FNDA:0,mint
FNDA:0,destroy
DA:10,0
DA:14,0
DA:15,0
DA:16,0
DA:21,0
LF:5
LH:0
BRF:0
BRH:0
end_of_record
TN:
SF:/Users/lukewatson/projects/crypto/the-firm/contracts/contracts/player/Player.sol
FN:23,constructor
FN:28,setCashAddress
FN:32,setPlayerStatsAddress
FN:36,setCashSpender
FN:40,create
FN:50,depositCash
FN:57,depositCashTo
FN:64,spendCash
FN:72,isPlayer
FN:76,getBalance
FN:80,hasAccount
FN:85,onlyAdmin
FN:90,onlyCashSpender
FNF:13
FNH:0
FNDA:0,constructor
FNDA:0,setCashAddress
FNDA:0,setPlayerStatsAddress
FNDA:0,setCashSpender
FNDA:0,create
FNDA:0,depositCash
FNDA:0,depositCashTo
FNDA:0,spendCash
FNDA:0,isPlayer
FNDA:0,getBalance
FNDA:0,hasAccount
FNDA:0,onlyAdmin
FNDA:0,onlyCashSpender
DA:24,0
DA:25,0
DA:29,0
DA:33,0
DA:37,0
DA:41,0
DA:43,0
DA:44,0
DA:46,0
DA:51,0
DA:53,0
DA:54,0
DA:58,0
DA:60,0
DA:61,0
DA:65,0
DA:67,0
DA:69,0
DA:73,0
DA:77,0
DA:81,0
DA:82,0
DA:86,0
DA:87,0
DA:91,0
DA:92,0
LF:26
LH:0
BRDA:41,1,0,0
BRDA:41,1,1,0
BRDA:51,2,0,0
BRDA:51,2,1,0
BRDA:58,3,0,0
BRDA:58,3,1,0
BRDA:65,4,0,0
BRDA:65,4,1,0
BRDA:81,5,0,0
BRDA:81,5,1,0
BRDA:86,6,0,0
BRDA:86,6,1,0
BRDA:91,7,0,0
BRDA:91,7,1,0
BRF:14
BRH:0
end_of_record
TN:
SF:/Users/lukewatson/projects/crypto/the-firm/contracts/contracts/player/PlayerStats.sol
FN:40,constructor
FN:45,setPlayerManager
FN:49,createBasePlayer
FN:75,getPlayerStats
FN:92,getPlayerBattleStats
FN:108,getPlayerFarmingStats
FN:130,increaseFarmingStats
FN:137,onlyNewPlayer
FN:142,existingPlayer
FN:147,onlyPlayerManager
FN:152,onlyAdmin
FNF:11
FNH:0
FNDA:0,constructor
FNDA:0,setPlayerManager
FNDA:0,createBasePlayer
FNDA:0,getPlayerStats
FNDA:0,getPlayerBattleStats
FNDA:0,getPlayerFarmingStats
FNDA:0,increaseFarmingStats
FNDA:0,onlyNewPlayer
FNDA:0,existingPlayer
FNDA:0,onlyPlayerManager
FNDA:0,onlyAdmin
DA:41,0
DA:42,0
DA:46,0
DA:50,0
DA:57,0
DA:64,0
DA:82,0
DA:83,0
DA:98,0
DA:100,0
DA:114,0
DA:116,0
DA:131,0
DA:132,0
DA:133,0
DA:134,0
DA:138,0
DA:139,0
DA:143,0
DA:144,0
DA:148,0
DA:149,0
DA:153,0
DA:154,0
LF:24
LH:0
BRDA:138,1,0,0
BRDA:138,1,1,0
BRDA:143,2,0,0
BRDA:143,2,1,0
BRDA:148,3,0,0
BRDA:148,3,1,0
BRDA:153,4,0,0
BRDA:153,4,1,0
BRF:8
BRH:0
end_of_record
TN:
SF:/Users/lukewatson/projects/crypto/the-firm/contracts/contracts/schemes/BaseScheme.sol
FN:22,constructor
FN:32,setRandomNumberGenerator
FN:36,setCashContract
FN:41,setPlayer
FN:45,setPlayerStats
FN:49,start
FN:53,complete
FN:55,getSchemeName
FN:59,getSuccessGauge
FN:63,mint
FN:67,getScheme
FN:71,onlySchemeManager
FNF:12
FNH:0
FNDA:0,constructor
FNDA:0,setRandomNumberGenerator
FNDA:0,setCashContract
FNDA:0,setPlayer
FNDA:0,setPlayerStats
FNDA:0,start
FNDA:0,complete
FNDA:0,getSchemeName
FNDA:0,getSuccessGauge
FNDA:0,mint
FNDA:0,getScheme
FNDA:0,onlySchemeManager
DA:27,0
DA:28,0
DA:29,0
DA:33,0
DA:37,0
DA:38,0
DA:42,0
DA:46,0
DA:50,0
DA:56,0
DA:60,0
DA:64,0
DA:68,0
DA:72,0
DA:73,0
LF:15
LH:0
BRDA:72,1,0,0
BRDA:72,1,1,0
BRF:2
BRH:0
end_of_record
TN:
SF:/Users/lukewatson/projects/crypto/the-firm/contracts/contracts/schemes/Schemes.sol
FN:27,constructor
FN:31,addScheme
FN:40,startScheme
FN:49,completeScheme
FN:59,listSchemes
FN:71,start
FN:83,complete
FN:93,getOngoingScheme
FNF:8
FNH:0
FNDA:0,constructor
FNDA:0,addScheme
FNDA:0,startScheme
FNDA:0,completeScheme
FNDA:0,listSchemes
FNDA:0,start
FNDA:0,complete
FNDA:0,getOngoingScheme
DA:28,0
DA:32,0
DA:37,0
DA:41,0
DA:42,0
DA:44,0
DA:46,0
DA:50,0
DA:51,0
DA:53,0
DA:54,0
DA:56,0
DA:60,0
DA:62,0
DA:63,0
DA:64,0
DA:68,0
DA:72,0
DA:74,0
DA:76,0
DA:77,0
DA:78,0
DA:84,0
DA:86,0
DA:88,0
DA:89,0
DA:90,0
DA:100,0
DA:101,0
DA:103,0
DA:111,0
LF:31
LH:0
BRDA:41,1,0,0
BRDA:41,1,1,0
BRDA:42,2,0,0
BRDA:42,2,1,0
BRDA:50,3,0,0
BRDA:50,3,1,0
BRDA:51,4,0,0
BRDA:51,4,1,0
BRDA:63,5,0,0
BRDA:63,5,1,0
BRDA:72,6,0,0
BRDA:72,6,1,0
BRDA:84,7,0,0
BRDA:84,7,1,0
BRDA:100,8,0,0
BRDA:100,8,1,0
BRF:16
BRH:0
end_of_record
TN:
SF:/Users/lukewatson/projects/crypto/the-firm/contracts/contracts/schemes/ScroungeForSatoshis.sol
FN:24,constructor
FNF:1
FNH:0
FNDA:0,constructor
DA:25,0
DA:26,0
LF:2
LH:0
BRF:0
BRH:0
end_of_record
TN:
SF:/Users/lukewatson/projects/crypto/the-firm/contracts/contracts/schemes/TestScheme.sol
FN:20,constructor
FN:25,start
FN:29,complete
FN:33,getSchemeName
FNF:4
FNH:0
FNDA:0,constructor
FNDA:0,start
FNDA:0,complete
FNDA:0,getSchemeName
DA:21,0
DA:22,0
DA:26,0
DA:30,0
DA:34,0
LF:5
LH:0
BRF:0
BRH:0
end_of_record
TN:
SF:/Users/lukewatson/projects/crypto/the-firm/contracts/contracts/schemes/YieldFarm.sol
FN:20,constructor
FN:25,start
FN:29,complete
FN:39,getSchemeName
FNF:4
FNH:0
FNDA:0,constructor
FNDA:0,start
FNDA:0,complete
FNDA:0,getSchemeName
DA:21,0
DA:22,0
DA:26,0
DA:30,0
DA:32,0
DA:33,0
DA:40,0
LF:7
LH:0
BRDA:32,1,0,0
BRDA:32,1,1,0
BRF:2
BRH:0
end_of_record
TN:
SF:/Users/lukewatson/projects/crypto/the-firm/contracts/contracts/Shop.sol
FN:16,purchase
FN:25,getItem
FN:29,list
FN:35,setPlayerContract
FNF:4
FNH:0
FNDA:0,purchase
FNDA:0,getItem
FNDA:0,list
FNDA:0,setPlayerContract
DA:17,0
DA:18,0
DA:20,0
DA:22,0
DA:26,0
DA:30,0
DA:36,0
LF:7
LH:0
BRDA:20,1,0,0
BRDA:20,1,1,0
BRF:2
BRH:0
end_of_record
TN:
SF:/Users/lukewatson/projects/crypto/the-firm/contracts/contracts/training/Training.sol
FN:5,train
FNF:1
FNH:0
FNDA:0,train
LF:0
LH:0
BRF:0
BRH:0
end_of_record
TN:
SF:/Users/lukewatson/projects/crypto/the-firm/contracts/contracts/utils/Random.sol
FN:6,random
FNF:1
FNH:0
FNDA:0,random
DA:7,0
LF:1
LH:0
BRF:0
BRH:0
end_of_record
