TN:
SF:/Users/lukewatson/projects/crypto/the-firm/contracts/contracts/Cash.sol
FN:10,constructor
FN:15,mint
FN:19,burn
FN:23,setCashMinter
FN:27,onlyAdmin
FN:32,onlyCashMinter
FNF:6
FNH:0
FNDA:0,constructor
FNDA:0,mint
FNDA:0,burn
FNDA:0,setCashMinter
FNDA:0,onlyAdmin
FNDA:0,onlyCashMinter
DA:11,0
DA:12,0
DA:16,0
DA:20,0
DA:24,0
DA:28,0
DA:29,0
DA:33,0
DA:34,0
LF:9
LH:0
BRDA:28,1,0,0
BRDA:28,1,1,0
BRDA:33,2,0,0
BRDA:33,2,1,0
BRF:4
BRH:0
end_of_record
TN:
SF:/Users/lukewatson/projects/crypto/the-firm/contracts/contracts/item/ItemBase.sol
FN:9,constructor
FN:13,mint
FN:20,destroy
FNF:3
FNH:0
FNDA:0,constructor
FNDA:0,mint
FNDA:0,destroy
DA:10,0
DA:14,0
DA:15,0
DA:16,0
DA:21,0
LF:5
LH:0
BRF:0
BRH:0
end_of_record
TN:
SF:/Users/lukewatson/projects/crypto/the-firm/contracts/contracts/item/weapon/WeaponBase.sol
FN:13,constructor
FNF:1
FNH:0
FNDA:0,constructor
DA:14,0
DA:15,0
LF:2
LH:0
BRF:0
BRH:0
end_of_record
TN:
SF:/Users/lukewatson/projects/crypto/the-firm/contracts/contracts/lib/DSMath.sol
FN:21,add
FN:25,sub
FN:29,mul
FN:33,min
FN:37,max
FN:41,imin
FN:45,imax
FN:52,wmul
FN:56,rmul
FN:60,wdiv
FN:64,rdiv
FN:83,rpow
FNF:12
FNH:0
FNDA:0,add
FNDA:0,sub
FNDA:0,mul
FNDA:0,min
FNDA:0,max
FNDA:0,imin
FNDA:0,imax
FNDA:0,wmul
FNDA:0,rmul
FNDA:0,wdiv
FNDA:0,rdiv
FNDA:0,rpow
DA:22,0
DA:26,0
DA:30,0
DA:34,0
DA:38,0
DA:42,0
DA:46,0
DA:53,0
DA:57,0
DA:61,0
DA:65,0
DA:84,0
DA:86,0
DA:87,0
DA:89,0
DA:90,0
LF:16
LH:0
BRDA:22,1,0,0
BRDA:22,1,1,0
BRDA:26,2,0,0
BRDA:26,2,1,0
BRDA:30,3,0,0
BRDA:30,3,1,0
BRDA:89,4,0,0
BRDA:89,4,1,0
BRF:8
BRH:0
end_of_record
TN:
SF:/Users/lukewatson/projects/crypto/the-firm/contracts/contracts/lib/Interest.sol
FN:24,wadToRay
FN:29,weiToRay
FN:61,accrueInterest
FN:80,yearlyRateToRay
FNF:4
FNH:0
FNDA:0,wadToRay
FNDA:0,weiToRay
FNDA:0,accrueInterest
FNDA:0,yearlyRateToRay
DA:25,0
DA:30,0
DA:66,0
DA:81,0
LF:4
LH:0
BRF:0
BRH:0
end_of_record
TN:
SF:/Users/lukewatson/projects/crypto/the-firm/contracts/contracts/player/Player.sol
FN:19,constructor
FN:23,setPlayerStatsAddress
FN:27,create
FN:35,isPlayer
FN:39,onlyAdmin
FN:44,hasAccount
FNF:6
FNH:0
FNDA:0,constructor
FNDA:0,setPlayerStatsAddress
FNDA:0,create
FNDA:0,isPlayer
FNDA:0,onlyAdmin
FNDA:0,hasAccount
DA:20,0
DA:24,0
DA:28,0
DA:30,0
DA:32,0
DA:36,0
DA:40,0
DA:41,0
DA:45,0
DA:46,0
LF:10
LH:0
BRDA:28,1,0,0
BRDA:28,1,1,0
BRDA:40,2,0,0
BRDA:40,2,1,0
BRDA:45,3,0,0
BRDA:45,3,1,0
BRF:6
BRH:0
end_of_record
TN:
SF:/Users/lukewatson/projects/crypto/the-firm/contracts/contracts/player/PlayerStats.sol
FN:40,constructor
FN:45,setPlayerManager
FN:49,createBasePlayer
FN:66,getPlayerStats
FN:81,getPlayerBattleStats
FN:96,getPlayerFarmingStats
FN:117,increaseFarmingStats
FN:130,increaseBattleStats
FN:139,onlyNewPlayer
FN:144,existingPlayer
FN:149,onlyPlayerManager
FN:154,onlyAdmin
FNF:12
FNH:0
FNDA:0,constructor
FNDA:0,setPlayerManager
FNDA:0,createBasePlayer
FNDA:0,getPlayerStats
FNDA:0,getPlayerBattleStats
FNDA:0,getPlayerFarmingStats
FNDA:0,increaseFarmingStats
FNDA:0,increaseBattleStats
FNDA:0,onlyNewPlayer
FNDA:0,existingPlayer
FNDA:0,onlyPlayerManager
FNDA:0,onlyAdmin
DA:41,0
DA:42,0
DA:46,0
DA:50,0
DA:53,0
DA:55,0
DA:77,0
DA:78,0
DA:91,0
DA:93,0
DA:106,0
DA:108,0
DA:118,0
DA:119,0
DA:120,0
DA:121,0
DA:131,0
DA:132,0
DA:133,0
DA:134,0
DA:140,0
DA:141,0
DA:145,0
DA:146,0
DA:150,0
DA:151,0
DA:155,0
DA:156,0
LF:28
LH:0
BRDA:140,1,0,0
BRDA:140,1,1,0
BRDA:145,2,0,0
BRDA:145,2,1,0
BRDA:150,3,0,0
BRDA:150,3,1,0
BRDA:155,4,0,0
BRDA:155,4,1,0
BRF:8
BRH:0
end_of_record
TN:
SF:/Users/lukewatson/projects/crypto/the-firm/contracts/contracts/player/Treasury.sol
FN:17,constructor
FN:22,setCashAddress
FN:26,setCashSpender
FN:30,depositCash
FN:37,depositCashTo
FN:44,spendCash
FN:52,onlyAdmin
FN:57,onlyCashSpender
FNF:8
FNH:0
FNDA:0,constructor
FNDA:0,setCashAddress
FNDA:0,setCashSpender
FNDA:0,depositCash
FNDA:0,depositCashTo
FNDA:0,spendCash
FNDA:0,onlyAdmin
FNDA:0,onlyCashSpender
DA:18,0
DA:19,0
DA:23,0
DA:27,0
DA:31,0
DA:33,0
DA:34,0
DA:38,0
DA:40,0
DA:41,0
DA:45,0
DA:47,0
DA:49,0
DA:53,0
DA:54,0
DA:58,0
DA:59,0
LF:17
LH:0
BRDA:31,1,0,0
BRDA:31,1,1,0
BRDA:38,2,0,0
BRDA:38,2,1,0
BRDA:45,3,0,0
BRDA:45,3,1,0
BRDA:53,4,0,0
BRDA:53,4,1,0
BRDA:58,5,0,0
BRDA:58,5,1,0
BRF:10
BRH:0
end_of_record
TN:
SF:/Users/lukewatson/projects/crypto/the-firm/contracts/contracts/schemes/BaseScheme.sol
FN:22,constructor
FN:32,setRandomNumberGenerator
FN:36,setCashContract
FN:41,setTreasury
FN:45,setPlayerStats
FN:49,start
FN:53,complete
FN:55,getSchemeName
FN:59,getSuccessGauge
FN:63,increaseStats
FN:73,mint
FN:78,getScheme
FN:82,onlySchemeManager
FNF:13
FNH:0
FNDA:0,constructor
FNDA:0,setRandomNumberGenerator
FNDA:0,setCashContract
FNDA:0,setTreasury
FNDA:0,setPlayerStats
FNDA:0,start
FNDA:0,complete
FNDA:0,getSchemeName
FNDA:0,getSuccessGauge
FNDA:0,increaseStats
FNDA:0,mint
FNDA:0,getScheme
FNDA:0,onlySchemeManager
DA:27,0
DA:28,0
DA:29,0
DA:33,0
DA:37,0
DA:38,0
DA:42,0
DA:46,0
DA:50,0
DA:56,0
DA:60,0
DA:70,0
DA:74,0
DA:75,0
DA:79,0
DA:83,0
DA:84,0
LF:17
LH:0
BRDA:83,1,0,0
BRDA:83,1,1,0
BRF:2
BRH:0
end_of_record
TN:
SF:/Users/lukewatson/projects/crypto/the-firm/contracts/contracts/schemes/Schemes.sol
FN:27,constructor
FN:31,addScheme
FN:37,startScheme
FN:46,completeScheme
FN:56,listSchemes
FN:68,start
FN:80,complete
FN:90,getOngoingScheme
FNF:8
FNH:0
FNDA:0,constructor
FNDA:0,addScheme
FNDA:0,startScheme
FNDA:0,completeScheme
FNDA:0,listSchemes
FNDA:0,start
FNDA:0,complete
FNDA:0,getOngoingScheme
DA:28,0
DA:32,0
DA:34,0
DA:38,0
DA:39,0
DA:41,0
DA:43,0
DA:47,0
DA:48,0
DA:50,0
DA:51,0
DA:53,0
DA:57,0
DA:59,0
DA:60,0
DA:61,0
DA:65,0
DA:69,0
DA:71,0
DA:73,0
DA:74,0
DA:75,0
DA:81,0
DA:83,0
DA:85,0
DA:86,0
DA:87,0
DA:101,0
DA:102,0
DA:104,0
DA:112,0
LF:31
LH:0
BRDA:38,1,0,0
BRDA:38,1,1,0
BRDA:39,2,0,0
BRDA:39,2,1,0
BRDA:47,3,0,0
BRDA:47,3,1,0
BRDA:48,4,0,0
BRDA:48,4,1,0
BRDA:60,5,0,0
BRDA:60,5,1,0
BRDA:69,6,0,0
BRDA:69,6,1,0
BRDA:81,7,0,0
BRDA:81,7,1,0
BRDA:101,8,0,0
BRDA:101,8,1,0
BRF:16
BRH:0
end_of_record
TN:
SF:/Users/lukewatson/projects/crypto/the-firm/contracts/contracts/schemes/ScroungeForSatoshis.sol
FN:20,constructor
FNF:1
FNH:0
FNDA:0,constructor
DA:21,0
DA:22,0
LF:2
LH:0
BRF:0
BRH:0
end_of_record
TN:
SF:/Users/lukewatson/projects/crypto/the-firm/contracts/contracts/schemes/TestScheme.sol
FN:15,constructor
FN:20,start
FN:24,complete
FN:29,getSchemeName
FNF:4
FNH:0
FNDA:0,constructor
FNDA:0,start
FNDA:0,complete
FNDA:0,getSchemeName
DA:16,0
DA:17,0
DA:21,0
DA:25,0
DA:26,0
DA:30,0
LF:6
LH:0
BRF:0
BRH:0
end_of_record
TN:
SF:/Users/lukewatson/projects/crypto/the-firm/contracts/contracts/schemes/YieldFarm.sol
FN:15,constructor
FN:20,start
FN:24,complete
FN:32,getSchemeName
FNF:4
FNH:0
FNDA:0,constructor
FNDA:0,start
FNDA:0,complete
FNDA:0,getSchemeName
DA:16,0
DA:17,0
DA:21,0
DA:25,0
DA:27,0
DA:28,0
DA:33,0
LF:7
LH:0
BRDA:27,1,0,0
BRDA:27,1,1,0
BRF:2
BRH:0
end_of_record
TN:
SF:/Users/lukewatson/projects/crypto/the-firm/contracts/contracts/Shop.sol
FN:18,purchase
FN:27,getItem
FN:31,list
FN:35,setTreasuryContract
FNF:4
FNH:0
FNDA:0,purchase
FNDA:0,getItem
FNDA:0,list
FNDA:0,setTreasuryContract
DA:19,0
DA:20,0
DA:22,0
DA:24,0
DA:28,0
DA:32,0
DA:36,0
LF:7
LH:0
BRDA:22,1,0,0
BRDA:22,1,1,0
BRF:2
BRH:0
end_of_record
TN:
SF:/Users/lukewatson/projects/crypto/the-firm/contracts/contracts/training/Training.sol
FN:31,setPlayerStats
FN:35,start
FN:47,finish
FN:99,calculateStatIncrease
FN:112,resetTraining
FN:119,getDurationAndMultiplier
FN:151,isTraining
FN:156,trainingFinished
FN:161,notTraining
FN:166,skipFinish
FNF:10
FNH:0
FNDA:0,setPlayerStats
FNDA:0,start
FNDA:0,finish
FNDA:0,calculateStatIncrease
FNDA:0,resetTraining
FNDA:0,getDurationAndMultiplier
FNDA:0,isTraining
FNDA:0,trainingFinished
FNDA:0,notTraining
FNDA:0,skipFinish
DA:32,0
DA:36,0
DA:38,0
DA:40,0
DA:41,0
DA:42,0
DA:43,0
DA:44,0
DA:48,0
DA:49,0
DA:51,0
DA:60,0
DA:61,0
DA:63,0
DA:72,0
DA:73,0
DA:75,0
DA:84,0
DA:85,0
DA:87,0
DA:96,0
DA:100,0
DA:102,0
DA:105,0
DA:107,0
DA:109,0
DA:113,0
DA:114,0
DA:115,0
DA:116,0
DA:120,0
DA:121,0
DA:123,0
DA:124,0
DA:126,0
DA:127,0
DA:129,0
DA:130,0
DA:132,0
DA:133,0
DA:135,0
DA:136,0
DA:138,0
DA:139,0
DA:141,0
DA:142,0
DA:144,0
DA:145,0
DA:148,0
DA:152,0
DA:153,0
DA:157,0
DA:158,0
DA:162,0
DA:163,0
DA:167,0
DA:168,0
DA:170,0
DA:179,0
DA:180,0
DA:182,0
DA:191,0
DA:192,0
DA:194,0
DA:203,0
DA:204,0
DA:206,0
DA:215,0
LF:68
LH:0
BRDA:36,1,0,0
BRDA:36,1,1,0
BRDA:48,2,0,0
BRDA:48,2,1,0
BRDA:60,3,0,0
BRDA:60,3,1,0
BRDA:72,4,0,0
BRDA:72,4,1,0
BRDA:84,5,0,0
BRDA:84,5,1,0
BRDA:120,6,0,0
BRDA:120,6,1,0
BRDA:123,7,0,0
BRDA:123,7,1,0
BRDA:126,8,0,0
BRDA:126,8,1,0
BRDA:129,9,0,0
BRDA:129,9,1,0
BRDA:132,10,0,0
BRDA:132,10,1,0
BRDA:135,11,0,0
BRDA:135,11,1,0
BRDA:138,12,0,0
BRDA:138,12,1,0
BRDA:141,13,0,0
BRDA:141,13,1,0
BRDA:144,14,0,0
BRDA:144,14,1,0
BRDA:152,15,0,0
BRDA:152,15,1,0
BRDA:157,16,0,0
BRDA:157,16,1,0
BRDA:162,17,0,0
BRDA:162,17,1,0
BRDA:167,18,0,0
BRDA:167,18,1,0
BRDA:179,19,0,0
BRDA:179,19,1,0
BRDA:191,20,0,0
BRDA:191,20,1,0
BRDA:203,21,0,0
BRDA:203,21,1,0
BRF:42
BRH:0
end_of_record
TN:
SF:/Users/lukewatson/projects/crypto/the-firm/contracts/contracts/utils/Random.sol
FN:6,random
FNF:1
FNH:0
FNDA:0,random
DA:7,0
LF:1
LH:0
BRF:0
BRH:0
end_of_record
